<?xml version="1.0" encoding="UTF-8" standalone="yes"?><!DOCTYPE report PUBLIC "-//JACOCO//DTD Report 1.1//EN" "report.dtd"><report name="myprj"><sessioninfo id="LAPTOP-4TH1DQVM-71174d5a" start="1638106672443" dump="1638106673300"/><sessioninfo id="LAPTOP-4TH1DQVM-687e0dd" start="1638107061389" dump="1638107062277"/><sessioninfo id="LAPTOP-4TH1DQVM-a4011f59" start="1638107355962" dump="1638107356877"/><sessioninfo id="LAPTOP-4TH1DQVM-9f32c5f0" start="1638107384374" dump="1638107385325"/><sessioninfo id="LAPTOP-4TH1DQVM-546e4242" start="1638107456482" dump="1638107457430"/><sessioninfo id="LAPTOP-4TH1DQVM-44cf3f06" start="1638107482212" dump="1638107483168"/><sessioninfo id="LAPTOP-4TH1DQVM-f779095e" start="1638107504177" dump="1638107505102"/><sessioninfo id="LAPTOP-4TH1DQVM-22a026f7" start="1638107548933" dump="1638107549865"/><sessioninfo id="LAPTOP-4TH1DQVM-1b9d8e2e" start="1638107646909" dump="1638107647819"/><sessioninfo id="LAPTOP-4TH1DQVM-80438dfb" start="1640079499531" dump="1640079500388"/><sessioninfo id="LAPTOP-4TH1DQVM-74940616" start="1640090224193" dump="1640090225153"/><sessioninfo id="LAPTOP-4TH1DQVM-1cdc136e" start="1640090255582" dump="1640090256970"/><sessioninfo id="LAPTOP-4TH1DQVM-b46425cb" start="1640090272593" dump="1640090273797"/><sessioninfo id="LAPTOP-4TH1DQVM-1a09079e" start="1640091426142" dump="1640091428090"/><sessioninfo id="LAPTOP-4TH1DQVM-8af44f72" start="1640092078636" dump="1640092080457"/><sessioninfo id="LAPTOP-4TH1DQVM-b7022ce4" start="1640093417563" dump="1640093420430"/><sessioninfo id="LAPTOP-4TH1DQVM-55dfa113" start="1640094591160" dump="1640094595157"/><sessioninfo id="LAPTOP-4TH1DQVM-66b09502" start="1640095375432" dump="1640095380199"/><sessioninfo id="LAPTOP-4TH1DQVM-17174855" start="1640096457645" dump="1640096459401"/><sessioninfo id="LAPTOP-4TH1DQVM-6d13eb1c" start="1640097178113" dump="1640097180516"/><sessioninfo id="LAPTOP-4TH1DQVM-89064506" start="1640097991990" dump="1640097994358"/><sessioninfo id="LAPTOP-4TH1DQVM-d792cca8" start="1640098043945" dump="1640098046401"/><sessioninfo id="LAPTOP-4TH1DQVM-7fde0540" start="1640098063117" dump="1640098065452"/><sessioninfo id="LAPTOP-4TH1DQVM-60423818" start="1640098085224" dump="1640098087608"/><sessioninfo id="LAPTOP-4TH1DQVM-f0c40945" start="1640098116499" dump="1640098118982"/><sessioninfo id="LAPTOP-4TH1DQVM-33e26aac" start="1640098141460" dump="1640098143837"/><sessioninfo id="LAPTOP-4TH1DQVM-17e7557a" start="1640098156451" dump="1640098158927"/><sessioninfo id="LAPTOP-4TH1DQVM-edf479f5" start="1640099119692" dump="1640099122133"/><sessioninfo id="LAPTOP-4TH1DQVM-f3b71dc4" start="1640099391627" dump="1640099394031"/><sessioninfo id="LAPTOP-4TH1DQVM-bc8f13" start="1640099604172" dump="1640099606570"/><sessioninfo id="LAPTOP-4TH1DQVM-576d1bea" start="1640099646180" dump="1640099648595"/><sessioninfo id="LAPTOP-4TH1DQVM-7e8e6aee" start="1640099661089" dump="1640099663773"/><sessioninfo id="LAPTOP-4TH1DQVM-8aad9969" start="1640175841758" dump="1640175844689"/><sessioninfo id="LAPTOP-4TH1DQVM-432287b4" start="1640629624018" dump="1640629649570"/><sessioninfo id="LAPTOP-4TH1DQVM-dae3e27" start="1640629686822" dump="1640629687491"/><sessioninfo id="LAPTOP-4TH1DQVM-5c4daf4f" start="1640630072802" dump="1640630073798"/><sessioninfo id="LAPTOP-4TH1DQVM-7dd1749b" start="1640769063961" dump="1640769065695"/><sessioninfo id="LAPTOP-4TH1DQVM-d45be740" start="1640769078732" dump="1640769088757"/><sessioninfo id="LAPTOP-4TH1DQVM-483ceb8d" start="1640769102551" dump="1640769104336"/><sessioninfo id="LAPTOP-4TH1DQVM-189ae1a7" start="1640769109657" dump="1640769124452"/><sessioninfo id="LAPTOP-4TH1DQVM-742a0518" start="1640769206349" dump="1640769213701"/><sessioninfo id="LAPTOP-4TH1DQVM-b0cb5495" start="1640769327615" dump="1640769336481"/><sessioninfo id="LAPTOP-4TH1DQVM-94f12ec1" start="1640769418526" dump="1640769420170"/><sessioninfo id="LAPTOP-4TH1DQVM-53fc69c0" start="1640769440518" dump="1640769442185"/><sessioninfo id="LAPTOP-4TH1DQVM-8e7ef305" start="1640769469522" dump="1640769471888"/><sessioninfo id="LAPTOP-4TH1DQVM-a67b50a6" start="1640769505253" dump="1640769507711"/><sessioninfo id="LAPTOP-4TH1DQVM-8e018565" start="1640769558472" dump="1640769560959"/><sessioninfo id="LAPTOP-4TH1DQVM-bb82a7a2" start="1640769871240" dump="1640769875705"/><sessioninfo id="LAPTOP-4TH1DQVM-886b6f84" start="1640769903987" dump="1640769906612"/><sessioninfo id="LAPTOP-4TH1DQVM-9a9227b4" start="1640770008323" dump="1640770011073"/><sessioninfo id="LAPTOP-4TH1DQVM-e6cea20e" start="1640770023196" dump="1640770025724"/><sessioninfo id="LAPTOP-4TH1DQVM-51ae730a" start="1640770077971" dump="1640770080804"/><sessioninfo id="LAPTOP-4TH1DQVM-c62f8ad0" start="1640794610259" dump="1640794612995"/><package name="com/game/Client"><class name="com/game/Client/Client" sourcefilename="Client.java"><method name="&lt;init&gt;" desc="()V" line="76"><counter type="INSTRUCTION" missed="4" covered="104"/><counter type="BRANCH" missed="1" covered="1"/><counter type="LINE" missed="1" covered="30"/><counter type="COMPLEXITY" missed="1" covered="1"/><counter type="METHOD" missed="0" covered="1"/></method><method name="repaint" desc="()V" line="115"><counter type="INSTRUCTION" missed="0" covered="8"/><counter type="LINE" missed="0" covered="3"/><counter type="COMPLEXITY" missed="0" covered="1"/><counter type="METHOD" missed="0" covered="1"/></method><method name="keyTyped" desc="(Ljava/awt/event/KeyEvent;)V" line="122"><counter type="INSTRUCTION" missed="1" covered="0"/><counter type="LINE" missed="1" covered="0"/><counter type="COMPLEXITY" missed="1" covered="0"/><counter type="METHOD" missed="1" covered="0"/></method><method name="keyPressed" desc="(Ljava/awt/event/KeyEvent;)V" line="126"><counter type="INSTRUCTION" missed="41" covered="0"/><counter type="BRANCH" missed="2" covered="0"/><counter type="LINE" missed="13" covered="0"/><counter type="COMPLEXITY" missed="2" covered="0"/><counter type="METHOD" missed="1" covered="0"/></method><method name="keyReleased" desc="(Ljava/awt/event/KeyEvent;)V" line="146"><counter type="INSTRUCTION" missed="1" covered="0"/><counter type="LINE" missed="1" covered="0"/><counter type="COMPLEXITY" missed="1" covered="0"/><counter type="METHOD" missed="1" covered="0"/></method><method name="main" desc="([Ljava/lang/String;)V" line="149"><counter type="INSTRUCTION" missed="8" covered="0"/><counter type="LINE" missed="3" covered="0"/><counter type="COMPLEXITY" missed="1" covered="0"/><counter type="METHOD" missed="1" covered="0"/></method><counter type="INSTRUCTION" missed="55" covered="112"/><counter type="BRANCH" missed="3" covered="1"/><counter type="LINE" missed="19" covered="33"/><counter type="COMPLEXITY" missed="6" covered="2"/><counter type="METHOD" missed="4" covered="2"/><counter type="CLASS" missed="0" covered="1"/></class><class name="com/game/Client/Client$Game" sourcefilename="Client.java"><method name="&lt;init&gt;" desc="(Lcom/game/Client/Client;)V" line="32"><counter type="INSTRUCTION" missed="0" covered="6"/><counter type="LINE" missed="0" covered="1"/><counter type="COMPLEXITY" missed="0" covered="1"/><counter type="METHOD" missed="0" covered="1"/></method><method name="run" desc="()V" line="34"><counter type="INSTRUCTION" missed="8" covered="86"/><counter type="BRANCH" missed="1" covered="5"/><counter type="LINE" missed="5" covered="20"/><counter type="COMPLEXITY" missed="1" covered="3"/><counter type="METHOD" missed="0" covered="1"/></method><counter type="INSTRUCTION" missed="8" covered="92"/><counter type="BRANCH" missed="1" covered="5"/><counter type="LINE" missed="5" covered="21"/><counter type="COMPLEXITY" missed="1" covered="4"/><counter type="METHOD" missed="0" covered="2"/><counter type="CLASS" missed="0" covered="1"/></class><sourcefile name="Client.java"><line nr="32" mi="0" ci="6" mb="0" cb="0"/><line nr="34" mi="0" ci="5" mb="0" cb="0"/><line nr="35" mi="1" ci="0" mb="0" cb="0"/><line nr="37" mi="0" ci="1" mb="0" cb="0"/><line nr="38" mi="0" ci="4" mb="0" cb="0"/><line nr="40" mi="0" ci="3" mb="0" cb="0"/><line nr="41" mi="0" ci="4" mb="0" cb="0"/><line nr="42" mi="0" ci="3" mb="0" cb="0"/><line nr="43" mi="0" ci="6" mb="0" cb="0"/><line nr="44" mi="0" ci="3" mb="0" cb="0"/><line nr="45" mi="0" ci="6" mb="0" cb="0"/><line nr="46" mi="0" ci="3" mb="0" cb="0"/><line nr="47" mi="0" ci="3" mb="1" cb="1"/><line nr="48" mi="1" ci="0" mb="0" cb="0"/><line nr="49" mi="0" ci="7" mb="0" cb="2"/><line nr="50" mi="0" ci="7" mb="0" cb="2"/><line nr="51" mi="0" ci="7" mb="0" cb="0"/><line nr="52" mi="0" ci="4" mb="0" cb="0"/><line nr="53" mi="0" ci="9" mb="0" cb="0"/><line nr="59" mi="1" ci="1" mb="0" cb="0"/><line nr="61" mi="2" ci="0" mb="0" cb="0"/><line nr="63" mi="0" ci="4" mb="0" cb="0"/><line nr="64" mi="0" ci="3" mb="0" cb="0"/><line nr="65" mi="0" ci="3" mb="0" cb="0"/><line nr="67" mi="1" ci="0" mb="0" cb="0"/><line nr="69" mi="2" ci="0" mb="0" cb="0"/><line nr="76" mi="0" ci="2" mb="0" cb="0"/><line nr="77" mi="0" ci="8" mb="0" cb="0"/><line nr="78" mi="0" ci="5" mb="0" cb="0"/><line nr="79" mi="0" ci="2" mb="0" cb="0"/><line nr="80" mi="0" ci="3" mb="0" cb="0"/><line nr="81" mi="0" ci="5" mb="0" cb="0"/><line nr="82" mi="0" ci="3" mb="0" cb="0"/><line nr="83" mi="0" ci="5" mb="0" cb="0"/><line nr="84" mi="0" ci="2" mb="0" cb="0"/><line nr="85" mi="0" ci="3" mb="0" cb="0"/><line nr="86" mi="0" ci="2" mb="0" cb="0"/><line nr="87" mi="0" ci="2" mb="0" cb="0"/><line nr="88" mi="0" ci="2" mb="0" cb="0"/><line nr="89" mi="0" ci="6" mb="0" cb="0"/><line nr="90" mi="0" ci="3" mb="0" cb="0"/><line nr="92" mi="0" ci="4" mb="0" cb="0"/><line nr="93" mi="0" ci="3" mb="0" cb="0"/><line nr="94" mi="0" ci="4" mb="0" cb="0"/><line nr="95" mi="0" ci="3" mb="0" cb="0"/><line nr="96" mi="0" ci="5" mb="0" cb="0"/><line nr="97" mi="0" ci="3" mb="0" cb="0"/><line nr="98" mi="0" ci="5" mb="0" cb="0"/><line nr="99" mi="0" ci="3" mb="0" cb="0"/><line nr="100" mi="0" ci="4" mb="0" cb="0"/><line nr="101" mi="0" ci="4" mb="1" cb="1"/><line nr="102" mi="3" ci="0" mb="0" cb="0"/><line nr="103" mi="1" ci="1" mb="0" cb="0"/><line nr="105" mi="0" ci="2" mb="0" cb="0"/><line nr="107" mi="0" ci="3" mb="0" cb="0"/><line nr="109" mi="0" ci="6" mb="0" cb="0"/><line nr="110" mi="0" ci="1" mb="0" cb="0"/><line nr="115" mi="0" ci="5" mb="0" cb="0"/><line nr="116" mi="0" ci="2" mb="0" cb="0"/><line nr="117" mi="0" ci="1" mb="0" cb="0"/><line nr="122" mi="1" ci="0" mb="0" cb="0"/><line nr="126" mi="4" ci="0" mb="2" cb="0"/><line nr="127" mi="1" ci="0" mb="0" cb="0"/><line nr="128" mi="3" ci="0" mb="0" cb="0"/><line nr="130" mi="3" ci="0" mb="0" cb="0"/><line nr="131" mi="4" ci="0" mb="0" cb="0"/><line nr="132" mi="5" ci="0" mb="0" cb="0"/><line nr="133" mi="5" ci="0" mb="0" cb="0"/><line nr="134" mi="3" ci="0" mb="0" cb="0"/><line nr="135" mi="5" ci="0" mb="0" cb="0"/><line nr="136" mi="2" ci="0" mb="0" cb="0"/><line nr="138" mi="2" ci="0" mb="0" cb="0"/><line nr="140" mi="3" ci="0" mb="0" cb="0"/><line nr="141" mi="1" ci="0" mb="0" cb="0"/><line nr="146" mi="1" ci="0" mb="0" cb="0"/><line nr="149" mi="4" ci="0" mb="0" cb="0"/><line nr="150" mi="3" ci="0" mb="0" cb="0"/><line nr="151" mi="1" ci="0" mb="0" cb="0"/><counter type="INSTRUCTION" missed="63" covered="204"/><counter type="BRANCH" missed="4" covered="6"/><counter type="LINE" missed="24" covered="54"/><counter type="COMPLEXITY" missed="7" covered="6"/><counter type="METHOD" missed="4" covered="4"/><counter type="CLASS" missed="0" covered="2"/></sourcefile><counter type="INSTRUCTION" missed="63" covered="204"/><counter type="BRANCH" missed="4" covered="6"/><counter type="LINE" missed="24" covered="54"/><counter type="COMPLEXITY" missed="7" covered="6"/><counter type="METHOD" missed="4" covered="4"/><counter type="CLASS" missed="0" covered="2"/></package><package name="com/game/asciiPanel"><class name="com/game/asciiPanel/TileTransformer" sourcefilename="TileTransformer.java"/><class name="com/game/asciiPanel/AsciiCharacterData" sourcefilename="AsciiCharacterData.java"><method name="&lt;init&gt;" desc="()V" line="5"><counter type="INSTRUCTION" missed="3" covered="0"/><counter type="LINE" missed="1" covered="0"/><counter type="COMPLEXITY" missed="1" covered="0"/><counter type="METHOD" missed="1" covered="0"/></method><counter type="INSTRUCTION" missed="3" covered="0"/><counter type="LINE" missed="1" covered="0"/><counter type="COMPLEXITY" missed="1" covered="0"/><counter type="METHOD" missed="1" covered="0"/><counter type="CLASS" missed="1" covered="0"/></class><class name="com/game/asciiPanel/AsciiPanel" sourcefilename="AsciiPanel.java"><method name="&lt;clinit&gt;" desc="()V" line="26"><counter type="INSTRUCTION" missed="0" covered="113"/><counter type="LINE" missed="0" covered="16"/><counter type="COMPLEXITY" missed="0" covered="1"/><counter type="METHOD" missed="0" covered="1"/></method><method name="getCharHeight" desc="()I" line="130"><counter type="INSTRUCTION" missed="3" covered="0"/><counter type="LINE" missed="1" covered="0"/><counter type="COMPLEXITY" missed="1" covered="0"/><counter type="METHOD" missed="1" covered="0"/></method><method name="getCharWidth" desc="()I" line="139"><counter type="INSTRUCTION" missed="3" covered="0"/><counter type="LINE" missed="1" covered="0"/><counter type="COMPLEXITY" missed="1" covered="0"/><counter type="METHOD" missed="1" covered="0"/></method><method name="getHeightInCharacters" desc="()I" line="148"><counter type="INSTRUCTION" missed="3" covered="0"/><counter type="LINE" missed="1" covered="0"/><counter type="COMPLEXITY" missed="1" covered="0"/><counter type="METHOD" missed="1" covered="0"/></method><method name="getWidthInCharacters" desc="()I" line="157"><counter type="INSTRUCTION" missed="3" covered="0"/><counter type="LINE" missed="1" covered="0"/><counter type="COMPLEXITY" missed="1" covered="0"/><counter type="METHOD" missed="1" covered="0"/></method><method name="getCursorX" desc="()I" line="166"><counter type="INSTRUCTION" missed="3" covered="0"/><counter type="LINE" missed="1" covered="0"/><counter type="COMPLEXITY" missed="1" covered="0"/><counter type="METHOD" missed="1" covered="0"/></method><method name="setCursorX" desc="(I)V" line="176"><counter type="INSTRUCTION" missed="28" covered="0"/><counter type="BRANCH" missed="4" covered="0"/><counter type="LINE" missed="5" covered="0"/><counter type="COMPLEXITY" missed="3" covered="0"/><counter type="METHOD" missed="1" covered="0"/></method><method name="getCursorY" desc="()I" line="189"><counter type="INSTRUCTION" missed="3" covered="0"/><counter type="LINE" missed="1" covered="0"/><counter type="COMPLEXITY" missed="1" covered="0"/><counter type="METHOD" missed="1" covered="0"/></method><method name="setCursorY" desc="(I)V" line="199"><counter type="INSTRUCTION" missed="28" covered="0"/><counter type="BRANCH" missed="4" covered="0"/><counter type="LINE" missed="5" covered="0"/><counter type="COMPLEXITY" missed="3" covered="0"/><counter type="METHOD" missed="1" covered="0"/></method><method name="setCursorPosition" desc="(II)V" line="216"><counter type="INSTRUCTION" missed="7" covered="0"/><counter type="LINE" missed="3" covered="0"/><counter type="COMPLEXITY" missed="1" covered="0"/><counter type="METHOD" missed="1" covered="0"/></method><method name="getDefaultBackgroundColor" desc="()Ljava/awt/Color;" line="226"><counter type="INSTRUCTION" missed="3" covered="0"/><counter type="LINE" missed="1" covered="0"/><counter type="COMPLEXITY" missed="1" covered="0"/><counter type="METHOD" missed="1" covered="0"/></method><method name="setDefaultBackgroundColor" desc="(Ljava/awt/Color;)V" line="235"><counter type="INSTRUCTION" missed="11" covered="0"/><counter type="BRANCH" missed="2" covered="0"/><counter type="LINE" missed="4" covered="0"/><counter type="COMPLEXITY" missed="2" covered="0"/><counter type="METHOD" missed="1" covered="0"/></method><method name="getDefaultForegroundColor" desc="()Ljava/awt/Color;" line="247"><counter type="INSTRUCTION" missed="3" covered="0"/><counter type="LINE" missed="1" covered="0"/><counter type="COMPLEXITY" missed="1" covered="0"/><counter type="METHOD" missed="1" covered="0"/></method><method name="setDefaultForegroundColor" desc="(Ljava/awt/Color;)V" line="256"><counter type="INSTRUCTION" missed="11" covered="0"/><counter type="BRANCH" missed="2" covered="0"/><counter type="LINE" missed="4" covered="0"/><counter type="COMPLEXITY" missed="2" covered="0"/><counter type="METHOD" missed="1" covered="0"/></method><method name="getAsciiFont" desc="()Lcom/game/asciiPanel/AsciiFont;" line="268"><counter type="INSTRUCTION" missed="3" covered="0"/><counter type="LINE" missed="1" covered="0"/><counter type="COMPLEXITY" missed="1" covered="0"/><counter type="METHOD" missed="1" covered="0"/></method><method name="setAsciiFont" desc="(Lcom/game/asciiPanel/AsciiFont;)V" line="279"><counter type="INSTRUCTION" missed="1" covered="65"/><counter type="BRANCH" missed="1" covered="1"/><counter type="LINE" missed="1" covered="13"/><counter type="COMPLEXITY" missed="1" covered="1"/><counter type="METHOD" missed="0" covered="1"/></method><method name="&lt;init&gt;" desc="()V" line="305"><counter type="INSTRUCTION" missed="5" covered="0"/><counter type="LINE" missed="2" covered="0"/><counter type="COMPLEXITY" missed="1" covered="0"/><counter type="METHOD" missed="1" covered="0"/></method><method name="&lt;init&gt;" desc="(II)V" line="315"><counter type="INSTRUCTION" missed="6" covered="0"/><counter type="LINE" missed="2" covered="0"/><counter type="COMPLEXITY" missed="1" covered="0"/><counter type="METHOD" missed="1" covered="0"/></method><method name="&lt;init&gt;" desc="(IILcom/game/asciiPanel/AsciiFont;)V" line="107"><counter type="INSTRUCTION" missed="28" covered="70"/><counter type="BRANCH" missed="3" covered="3"/><counter type="LINE" missed="3" covered="18"/><counter type="COMPLEXITY" missed="3" covered="1"/><counter type="METHOD" missed="0" covered="1"/></method><method name="update" desc="(Ljava/awt/Graphics;)V" line="358"><counter type="INSTRUCTION" missed="4" covered="0"/><counter type="LINE" missed="2" covered="0"/><counter type="COMPLEXITY" missed="1" covered="0"/><counter type="METHOD" missed="1" covered="0"/></method><method name="paint" desc="(Ljava/awt/Graphics;)V" line="363"><counter type="INSTRUCTION" missed="4" covered="127"/><counter type="BRANCH" missed="1" covered="11"/><counter type="LINE" missed="1" covered="13"/><counter type="COMPLEXITY" missed="1" covered="6"/><counter type="METHOD" missed="0" covered="1"/></method><method name="loadGlyphs" desc="()V" line="391"><counter type="INSTRUCTION" missed="11" covered="69"/><counter type="BRANCH" missed="0" covered="2"/><counter type="LINE" missed="1" covered="9"/><counter type="COMPLEXITY" missed="0" covered="2"/><counter type="METHOD" missed="0" covered="1"/></method><method name="setColors" desc="(Ljava/awt/Color;Ljava/awt/Color;)Ljava/awt/image/LookupOp;" line="415"><counter type="INSTRUCTION" missed="115" covered="0"/><counter type="BRANCH" missed="4" covered="0"/><counter type="LINE" missed="25" covered="0"/><counter type="COMPLEXITY" missed="3" covered="0"/><counter type="METHOD" missed="1" covered="0"/></method><method name="clear" desc="()Lcom/game/asciiPanel/AsciiPanel;" line="454"><counter type="INSTRUCTION" missed="14" covered="0"/><counter type="LINE" missed="1" covered="0"/><counter type="COMPLEXITY" missed="1" covered="0"/><counter type="METHOD" missed="1" covered="0"/></method><method name="clear" desc="(C)Lcom/game/asciiPanel/AsciiPanel;" line="465"><counter type="INSTRUCTION" missed="40" covered="0"/><counter type="BRANCH" missed="4" covered="0"/><counter type="LINE" missed="5" covered="0"/><counter type="COMPLEXITY" missed="3" covered="0"/><counter type="METHOD" missed="1" covered="0"/></method><method name="clear" desc="(CLjava/awt/Color;Ljava/awt/Color;)Lcom/game/asciiPanel/AsciiPanel;" line="483"><counter type="INSTRUCTION" missed="38" covered="0"/><counter type="BRANCH" missed="4" covered="0"/><counter type="LINE" missed="4" covered="0"/><counter type="COMPLEXITY" missed="3" covered="0"/><counter type="METHOD" missed="1" covered="0"/></method><method name="clear" desc="(CIIII)Lcom/game/asciiPanel/AsciiPanel;" line="503"><counter type="INSTRUCTION" missed="174" covered="0"/><counter type="BRANCH" missed="20" covered="0"/><counter type="LINE" missed="18" covered="0"/><counter type="COMPLEXITY" missed="11" covered="0"/><counter type="METHOD" missed="1" covered="0"/></method><method name="clear" desc="(CIIIILjava/awt/Color;Ljava/awt/Color;)Lcom/game/asciiPanel/AsciiPanel;" line="544"><counter type="INSTRUCTION" missed="202" covered="0"/><counter type="BRANCH" missed="24" covered="0"/><counter type="LINE" missed="25" covered="0"/><counter type="COMPLEXITY" missed="13" covered="0"/><counter type="METHOD" missed="1" covered="0"/></method><method name="write" desc="(C)Lcom/game/asciiPanel/AsciiPanel;" line="589"><counter type="INSTRUCTION" missed="38" covered="0"/><counter type="BRANCH" missed="4" covered="0"/><counter type="LINE" missed="4" covered="0"/><counter type="COMPLEXITY" missed="3" covered="0"/><counter type="METHOD" missed="1" covered="0"/></method><method name="write" desc="(CLjava/awt/Color;)Lcom/game/asciiPanel/AsciiPanel;" line="606"><counter type="INSTRUCTION" missed="37" covered="0"/><counter type="BRANCH" missed="4" covered="0"/><counter type="LINE" missed="4" covered="0"/><counter type="COMPLEXITY" missed="3" covered="0"/><counter type="METHOD" missed="1" covered="0"/></method><method name="write" desc="(CLjava/awt/Color;Ljava/awt/Color;)Lcom/game/asciiPanel/AsciiPanel;" line="624"><counter type="INSTRUCTION" missed="36" covered="0"/><counter type="BRANCH" missed="4" covered="0"/><counter type="LINE" missed="4" covered="0"/><counter type="COMPLEXITY" missed="3" covered="0"/><counter type="METHOD" missed="1" covered="0"/></method><method name="write" desc="(CII)Lcom/game/asciiPanel/AsciiPanel;" line="641"><counter type="INSTRUCTION" missed="84" covered="0"/><counter type="BRANCH" missed="12" covered="0"/><counter type="LINE" missed="8" covered="0"/><counter type="COMPLEXITY" missed="7" covered="0"/><counter type="METHOD" missed="1" covered="0"/></method><method name="write" desc="(CIILjava/awt/Color;)Lcom/game/asciiPanel/AsciiPanel;" line="666"><counter type="INSTRUCTION" missed="55" covered="28"/><counter type="BRANCH" missed="6" covered="6"/><counter type="LINE" missed="4" covered="4"/><counter type="COMPLEXITY" missed="6" covered="1"/><counter type="METHOD" missed="0" covered="1"/></method><method name="write" desc="(CIILjava/awt/Color;Ljava/awt/Color;)Lcom/game/asciiPanel/AsciiPanel;" line="692"><counter type="INSTRUCTION" missed="58" covered="57"/><counter type="BRANCH" missed="7" covered="9"/><counter type="LINE" missed="5" covered="12"/><counter type="COMPLEXITY" missed="7" covered="2"/><counter type="METHOD" missed="0" covered="1"/></method><method name="write" desc="(Ljava/lang/String;)Lcom/game/asciiPanel/AsciiPanel;" line="722"><counter type="INSTRUCTION" missed="49" covered="0"/><counter type="BRANCH" missed="4" covered="0"/><counter type="LINE" missed="6" covered="0"/><counter type="COMPLEXITY" missed="3" covered="0"/><counter type="METHOD" missed="1" covered="0"/></method><method name="write" desc="(Ljava/lang/String;Ljava/awt/Color;)Lcom/game/asciiPanel/AsciiPanel;" line="741"><counter type="INSTRUCTION" missed="48" covered="0"/><counter type="BRANCH" missed="4" covered="0"/><counter type="LINE" missed="6" covered="0"/><counter type="COMPLEXITY" missed="3" covered="0"/><counter type="METHOD" missed="1" covered="0"/></method><method name="write" desc="(Ljava/lang/String;Ljava/awt/Color;Ljava/awt/Color;)Lcom/game/asciiPanel/AsciiPanel;" line="762"><counter type="INSTRUCTION" missed="47" covered="0"/><counter type="BRANCH" missed="4" covered="0"/><counter type="LINE" missed="6" covered="0"/><counter type="COMPLEXITY" missed="3" covered="0"/><counter type="METHOD" missed="1" covered="0"/></method><method name="write" desc="(Ljava/lang/String;II)Lcom/game/asciiPanel/AsciiPanel;" line="781"><counter type="INSTRUCTION" missed="93" covered="0"/><counter type="BRANCH" missed="12" covered="0"/><counter type="LINE" missed="10" covered="0"/><counter type="COMPLEXITY" missed="7" covered="0"/><counter type="METHOD" missed="1" covered="0"/></method><method name="write" desc="(Ljava/lang/String;IILjava/awt/Color;)Lcom/game/asciiPanel/AsciiPanel;" line="808"><counter type="INSTRUCTION" missed="92" covered="0"/><counter type="BRANCH" missed="12" covered="0"/><counter type="LINE" missed="10" covered="0"/><counter type="COMPLEXITY" missed="7" covered="0"/><counter type="METHOD" missed="1" covered="0"/></method><method name="write" desc="(Ljava/lang/String;IILjava/awt/Color;Ljava/awt/Color;)Lcom/game/asciiPanel/AsciiPanel;" line="837"><counter type="INSTRUCTION" missed="115" covered="0"/><counter type="BRANCH" missed="18" covered="0"/><counter type="LINE" missed="16" covered="0"/><counter type="COMPLEXITY" missed="10" covered="0"/><counter type="METHOD" missed="1" covered="0"/></method><method name="writeCenter" desc="(Ljava/lang/String;I)Lcom/game/asciiPanel/AsciiPanel;" line="871"><counter type="INSTRUCTION" missed="73" covered="0"/><counter type="BRANCH" missed="8" covered="0"/><counter type="LINE" missed="9" covered="0"/><counter type="COMPLEXITY" missed="5" covered="0"/><counter type="METHOD" missed="1" covered="0"/></method><method name="writeCenter" desc="(Ljava/lang/String;ILjava/awt/Color;)Lcom/game/asciiPanel/AsciiPanel;" line="897"><counter type="INSTRUCTION" missed="72" covered="0"/><counter type="BRANCH" missed="8" covered="0"/><counter type="LINE" missed="9" covered="0"/><counter type="COMPLEXITY" missed="5" covered="0"/><counter type="METHOD" missed="1" covered="0"/></method><method name="writeCenter" desc="(Ljava/lang/String;ILjava/awt/Color;Ljava/awt/Color;)Lcom/game/asciiPanel/AsciiPanel;" line="924"><counter type="INSTRUCTION" missed="95" covered="0"/><counter type="BRANCH" missed="14" covered="0"/><counter type="LINE" missed="15" covered="0"/><counter type="COMPLEXITY" missed="8" covered="0"/><counter type="METHOD" missed="1" covered="0"/></method><method name="withEachTile" desc="(Lcom/game/asciiPanel/TileTransformer;)V" line="949"><counter type="INSTRUCTION" missed="10" covered="0"/><counter type="LINE" missed="2" covered="0"/><counter type="COMPLEXITY" missed="1" covered="0"/><counter type="METHOD" missed="1" covered="0"/></method><method name="withEachTile" desc="(IIIILcom/game/asciiPanel/TileTransformer;)V" line="953"><counter type="INSTRUCTION" missed="93" covered="0"/><counter type="BRANCH" missed="12" covered="0"/><counter type="LINE" missed="15" covered="0"/><counter type="COMPLEXITY" missed="7" covered="0"/><counter type="METHOD" missed="1" covered="0"/></method><counter type="INSTRUCTION" missed="1849" covered="529"/><counter type="BRANCH" missed="206" covered="32"/><counter type="LINE" missed="253" covered="85"/><counter type="COMPLEXITY" missed="150" covered="14"/><counter type="METHOD" missed="38" covered="7"/><counter type="CLASS" missed="0" covered="1"/></class><class name="com/game/asciiPanel/AsciiFont" sourcefilename="AsciiFont.java"><method name="getFontFilename" desc="()Ljava/lang/String;" line="24"><counter type="INSTRUCTION" missed="0" covered="3"/><counter type="LINE" missed="0" covered="1"/><counter type="COMPLEXITY" missed="0" covered="1"/><counter type="METHOD" missed="0" covered="1"/></method><method name="getWidth" desc="()I" line="30"><counter type="INSTRUCTION" missed="0" covered="3"/><counter type="LINE" missed="0" covered="1"/><counter type="COMPLEXITY" missed="0" covered="1"/><counter type="METHOD" missed="0" covered="1"/></method><method name="getHeight" desc="()I" line="36"><counter type="INSTRUCTION" missed="0" covered="3"/><counter type="LINE" missed="0" covered="1"/><counter type="COMPLEXITY" missed="0" covered="1"/><counter type="METHOD" missed="0" covered="1"/></method><method name="&lt;init&gt;" desc="(Ljava/lang/String;II)V" line="39"><counter type="INSTRUCTION" missed="0" covered="12"/><counter type="LINE" missed="0" covered="5"/><counter type="COMPLEXITY" missed="0" covered="1"/><counter type="METHOD" missed="0" covered="1"/></method><method name="&lt;clinit&gt;" desc="()V" line="11"><counter type="INSTRUCTION" missed="0" covered="71"/><counter type="LINE" missed="0" covered="10"/><counter type="COMPLEXITY" missed="0" covered="1"/><counter type="METHOD" missed="0" covered="1"/></method><counter type="INSTRUCTION" missed="0" covered="92"/><counter type="LINE" missed="0" covered="18"/><counter type="COMPLEXITY" missed="0" covered="5"/><counter type="METHOD" missed="0" covered="5"/><counter type="CLASS" missed="0" covered="1"/></class><sourcefile name="TileTransformer.java"/><sourcefile name="AsciiPanel.java"><line nr="26" mi="0" ci="7" mb="0" cb="0"/><line nr="31" mi="0" ci="7" mb="0" cb="0"/><line nr="36" mi="0" ci="7" mb="0" cb="0"/><line nr="41" mi="0" ci="7" mb="0" cb="0"/><line nr="46" mi="0" ci="7" mb="0" cb="0"/><line nr="51" mi="0" ci="7" mb="0" cb="0"/><line nr="56" mi="0" ci="7" mb="0" cb="0"/><line nr="61" mi="0" ci="7" mb="0" cb="0"/><line nr="66" mi="0" ci="7" mb="0" cb="0"/><line nr="71" mi="0" ci="7" mb="0" cb="0"/><line nr="76" mi="0" ci="7" mb="0" cb="0"/><line nr="81" mi="0" ci="7" mb="0" cb="0"/><line nr="86" mi="0" ci="7" mb="0" cb="0"/><line nr="91" mi="0" ci="7" mb="0" cb="0"/><line nr="96" mi="0" ci="7" mb="0" cb="0"/><line nr="101" mi="0" ci="8" mb="0" cb="0"/><line nr="107" mi="0" ci="3" mb="0" cb="0"/><line nr="108" mi="0" ci="3" mb="0" cb="0"/><line nr="109" mi="0" ci="3" mb="0" cb="0"/><line nr="130" mi="3" ci="0" mb="0" cb="0"/><line nr="139" mi="3" ci="0" mb="0" cb="0"/><line nr="148" mi="3" ci="0" mb="0" cb="0"/><line nr="157" mi="3" ci="0" mb="0" cb="0"/><line nr="166" mi="3" ci="0" mb="0" cb="0"/><line nr="176" mi="6" ci="0" mb="4" cb="0"/><line nr="177" mi="4" ci="0" mb="0" cb="0"/><line nr="178" mi="14" ci="0" mb="0" cb="0"/><line nr="180" mi="3" ci="0" mb="0" cb="0"/><line nr="181" mi="1" ci="0" mb="0" cb="0"/><line nr="189" mi="3" ci="0" mb="0" cb="0"/><line nr="199" mi="6" ci="0" mb="4" cb="0"/><line nr="200" mi="4" ci="0" mb="0" cb="0"/><line nr="201" mi="14" ci="0" mb="0" cb="0"/><line nr="203" mi="3" ci="0" mb="0" cb="0"/><line nr="204" mi="1" ci="0" mb="0" cb="0"/><line nr="216" mi="3" ci="0" mb="0" cb="0"/><line nr="217" mi="3" ci="0" mb="0" cb="0"/><line nr="218" mi="1" ci="0" mb="0" cb="0"/><line nr="226" mi="3" ci="0" mb="0" cb="0"/><line nr="235" mi="2" ci="0" mb="2" cb="0"/><line nr="236" mi="5" ci="0" mb="0" cb="0"/><line nr="238" mi="3" ci="0" mb="0" cb="0"/><line nr="239" mi="1" ci="0" mb="0" cb="0"/><line nr="247" mi="3" ci="0" mb="0" cb="0"/><line nr="256" mi="2" ci="0" mb="2" cb="0"/><line nr="257" mi="5" ci="0" mb="0" cb="0"/><line nr="259" mi="3" ci="0" mb="0" cb="0"/><line nr="260" mi="1" ci="0" mb="0" cb="0"/><line nr="268" mi="3" ci="0" mb="0" cb="0"/><line nr="279" mi="0" ci="4" mb="1" cb="1"/><line nr="280" mi="1" ci="0" mb="0" cb="0"/><line nr="282" mi="0" ci="3" mb="0" cb="0"/><line nr="284" mi="0" ci="4" mb="0" cb="0"/><line nr="285" mi="0" ci="4" mb="0" cb="0"/><line nr="286" mi="0" ci="4" mb="0" cb="0"/><line nr="288" mi="0" ci="14" mb="0" cb="0"/><line nr="289" mi="0" ci="3" mb="0" cb="0"/><line nr="291" mi="0" ci="4" mb="0" cb="0"/><line nr="293" mi="0" ci="10" mb="0" cb="0"/><line nr="294" mi="0" ci="5" mb="0" cb="0"/><line nr="296" mi="0" ci="2" mb="0" cb="0"/><line nr="298" mi="0" ci="7" mb="0" cb="0"/><line nr="299" mi="0" ci="1" mb="0" cb="0"/><line nr="305" mi="4" ci="0" mb="0" cb="0"/><line nr="306" mi="1" ci="0" mb="0" cb="0"/><line nr="315" mi="5" ci="0" mb="0" cb="0"/><line nr="316" mi="1" ci="0" mb="0" cb="0"/><line nr="327" mi="0" ci="2" mb="0" cb="0"/><line nr="329" mi="0" ci="3" mb="1" cb="1"/><line nr="330" mi="13" ci="0" mb="0" cb="0"/><line nr="333" mi="0" ci="3" mb="1" cb="1"/><line nr="334" mi="13" ci="0" mb="0" cb="0"/><line nr="337" mi="0" ci="3" mb="0" cb="0"/><line nr="338" mi="0" ci="3" mb="0" cb="0"/><line nr="340" mi="0" ci="3" mb="0" cb="0"/><line nr="341" mi="0" ci="3" mb="0" cb="0"/><line nr="343" mi="0" ci="7" mb="0" cb="0"/><line nr="344" mi="0" ci="7" mb="0" cb="0"/><line nr="345" mi="0" ci="7" mb="0" cb="0"/><line nr="347" mi="0" ci="7" mb="0" cb="0"/><line nr="348" mi="0" ci="7" mb="0" cb="0"/><line nr="350" mi="0" ci="2" mb="1" cb="1"/><line nr="351" mi="2" ci="0" mb="0" cb="0"/><line nr="353" mi="0" ci="3" mb="0" cb="0"/><line nr="354" mi="0" ci="1" mb="0" cb="0"/><line nr="358" mi="3" ci="0" mb="0" cb="0"/><line nr="359" mi="1" ci="0" mb="0" cb="0"/><line nr="363" mi="0" ci="2" mb="1" cb="1"/><line nr="364" mi="4" ci="0" mb="0" cb="0"/><line nr="366" mi="0" ci="8" mb="0" cb="2"/><line nr="367" mi="0" ci="8" mb="0" cb="2"/><line nr="368" mi="0" ci="13" mb="0" cb="2"/><line nr="369" mi="0" ci="26" mb="0" cb="4"/><line nr="370" mi="0" ci="1" mb="0" cb="0"/><line nr="376" mi="0" ci="10" mb="0" cb="0"/><line nr="378" mi="0" ci="14" mb="0" cb="0"/><line nr="380" mi="0" ci="12" mb="0" cb="0"/><line nr="381" mi="0" ci="12" mb="0" cb="0"/><line nr="382" mi="0" ci="12" mb="0" cb="0"/><line nr="386" mi="0" ci="8" mb="0" cb="0"/><line nr="387" mi="0" ci="1" mb="0" cb="0"/><line nr="391" mi="0" ci="8" mb="0" cb="0"/><line nr="392" mi="1" ci="1" mb="0" cb="0"/><line nr="393" mi="10" ci="0" mb="0" cb="0"/><line nr="396" mi="0" ci="7" mb="0" cb="2"/><line nr="397" mi="0" ci="7" mb="0" cb="0"/><line nr="398" mi="0" ci="7" mb="0" cb="0"/><line nr="400" mi="0" ci="12" mb="0" cb="0"/><line nr="401" mi="0" ci="21" mb="0" cb="0"/><line nr="402" mi="0" ci="5" mb="0" cb="0"/><line nr="404" mi="0" ci="1" mb="0" cb="0"/><line nr="415" mi="3" ci="0" mb="0" cb="0"/><line nr="416" mi="3" ci="0" mb="0" cb="0"/><line nr="417" mi="3" ci="0" mb="0" cb="0"/><line nr="418" mi="3" ci="0" mb="0" cb="0"/><line nr="420" mi="4" ci="0" mb="0" cb="0"/><line nr="421" mi="4" ci="0" mb="0" cb="0"/><line nr="422" mi="4" ci="0" mb="0" cb="0"/><line nr="423" mi="4" ci="0" mb="0" cb="0"/><line nr="425" mi="4" ci="0" mb="0" cb="0"/><line nr="426" mi="4" ci="0" mb="0" cb="0"/><line nr="427" mi="4" ci="0" mb="0" cb="0"/><line nr="428" mi="4" ci="0" mb="0" cb="0"/><line nr="430" mi="7" ci="0" mb="2" cb="0"/><line nr="431" mi="2" ci="0" mb="2" cb="0"/><line nr="432" mi="4" ci="0" mb="0" cb="0"/><line nr="433" mi="4" ci="0" mb="0" cb="0"/><line nr="434" mi="4" ci="0" mb="0" cb="0"/><line nr="435" mi="4" ci="0" mb="0" cb="0"/><line nr="436" mi="1" ci="0" mb="0" cb="0"/><line nr="437" mi="4" ci="0" mb="0" cb="0"/><line nr="438" mi="4" ci="0" mb="0" cb="0"/><line nr="439" mi="4" ci="0" mb="0" cb="0"/><line nr="440" mi="4" ci="0" mb="0" cb="0"/><line nr="444" mi="19" ci="0" mb="0" cb="0"/><line nr="445" mi="10" ci="0" mb="0" cb="0"/><line nr="454" mi="14" ci="0" mb="0" cb="0"/><line nr="465" mi="7" ci="0" mb="4" cb="0"/><line nr="466" mi="4" ci="0" mb="0" cb="0"/><line nr="467" mi="15" ci="0" mb="0" cb="0"/><line nr="469" mi="12" ci="0" mb="0" cb="0"/><line nr="470" mi="2" ci="0" mb="0" cb="0"/><line nr="483" mi="7" ci="0" mb="4" cb="0"/><line nr="484" mi="4" ci="0" mb="0" cb="0"/><line nr="485" mi="15" ci="0" mb="0" cb="0"/><line nr="487" mi="12" ci="0" mb="0" cb="0"/><line nr="503" mi="7" ci="0" mb="4" cb="0"/><line nr="504" mi="4" ci="0" mb="0" cb="0"/><line nr="505" mi="15" ci="0" mb="0" cb="0"/><line nr="507" mi="6" ci="0" mb="4" cb="0"/><line nr="508" mi="18" ci="0" mb="0" cb="0"/><line nr="510" mi="6" ci="0" mb="4" cb="0"/><line nr="511" mi="18" ci="0" mb="0" cb="0"/><line nr="513" mi="3" ci="0" mb="2" cb="0"/><line nr="514" mi="13" ci="0" mb="0" cb="0"/><line nr="516" mi="3" ci="0" mb="2" cb="0"/><line nr="517" mi="13" ci="0" mb="0" cb="0"/><line nr="519" mi="6" ci="0" mb="2" cb="0"/><line nr="520" mi="4" ci="0" mb="0" cb="0"/><line nr="521" mi="18" ci="0" mb="0" cb="0"/><line nr="523" mi="6" ci="0" mb="2" cb="0"/><line nr="524" mi="4" ci="0" mb="0" cb="0"/><line nr="525" mi="18" ci="0" mb="0" cb="0"/><line nr="527" mi="12" ci="0" mb="0" cb="0"/><line nr="544" mi="7" ci="0" mb="4" cb="0"/><line nr="545" mi="4" ci="0" mb="0" cb="0"/><line nr="546" mi="15" ci="0" mb="0" cb="0"/><line nr="548" mi="6" ci="0" mb="4" cb="0"/><line nr="549" mi="18" ci="0" mb="0" cb="0"/><line nr="551" mi="6" ci="0" mb="4" cb="0"/><line nr="552" mi="18" ci="0" mb="0" cb="0"/><line nr="554" mi="3" ci="0" mb="2" cb="0"/><line nr="555" mi="13" ci="0" mb="0" cb="0"/><line nr="557" mi="3" ci="0" mb="2" cb="0"/><line nr="558" mi="13" ci="0" mb="0" cb="0"/><line nr="560" mi="6" ci="0" mb="2" cb="0"/><line nr="561" mi="4" ci="0" mb="0" cb="0"/><line nr="562" mi="18" ci="0" mb="0" cb="0"/><line nr="564" mi="6" ci="0" mb="2" cb="0"/><line nr="565" mi="4" ci="0" mb="0" cb="0"/><line nr="566" mi="18" ci="0" mb="0" cb="0"/><line nr="568" mi="3" ci="0" mb="0" cb="0"/><line nr="569" mi="3" ci="0" mb="0" cb="0"/><line nr="570" mi="9" ci="0" mb="2" cb="0"/><line nr="571" mi="9" ci="0" mb="2" cb="0"/><line nr="572" mi="8" ci="0" mb="0" cb="0"/><line nr="575" mi="3" ci="0" mb="0" cb="0"/><line nr="576" mi="3" ci="0" mb="0" cb="0"/><line nr="578" mi="2" ci="0" mb="0" cb="0"/><line nr="589" mi="7" ci="0" mb="4" cb="0"/><line nr="590" mi="4" ci="0" mb="0" cb="0"/><line nr="591" mi="15" ci="0" mb="0" cb="0"/><line nr="593" mi="12" ci="0" mb="0" cb="0"/><line nr="606" mi="7" ci="0" mb="4" cb="0"/><line nr="607" mi="4" ci="0" mb="0" cb="0"/><line nr="608" mi="15" ci="0" mb="0" cb="0"/><line nr="610" mi="11" ci="0" mb="0" cb="0"/><line nr="624" mi="7" ci="0" mb="4" cb="0"/><line nr="625" mi="4" ci="0" mb="0" cb="0"/><line nr="626" mi="15" ci="0" mb="0" cb="0"/><line nr="628" mi="10" ci="0" mb="0" cb="0"/><line nr="641" mi="7" ci="0" mb="4" cb="0"/><line nr="642" mi="4" ci="0" mb="0" cb="0"/><line nr="643" mi="15" ci="0" mb="0" cb="0"/><line nr="645" mi="6" ci="0" mb="4" cb="0"/><line nr="646" mi="18" ci="0" mb="0" cb="0"/><line nr="648" mi="6" ci="0" mb="4" cb="0"/><line nr="649" mi="18" ci="0" mb="0" cb="0"/><line nr="651" mi="10" ci="0" mb="0" cb="0"/><line nr="666" mi="0" ci="7" mb="2" cb="2"/><line nr="667" mi="4" ci="0" mb="0" cb="0"/><line nr="668" mi="15" ci="0" mb="0" cb="0"/><line nr="670" mi="0" ci="6" mb="2" cb="2"/><line nr="671" mi="18" ci="0" mb="0" cb="0"/><line nr="673" mi="0" ci="6" mb="2" cb="2"/><line nr="674" mi="18" ci="0" mb="0" cb="0"/><line nr="676" mi="0" ci="9" mb="0" cb="0"/><line nr="692" mi="0" ci="7" mb="2" cb="2"/><line nr="693" mi="4" ci="0" mb="0" cb="0"/><line nr="694" mi="15" ci="0" mb="0" cb="0"/><line nr="696" mi="0" ci="6" mb="2" cb="2"/><line nr="697" mi="18" ci="0" mb="0" cb="0"/><line nr="699" mi="0" ci="6" mb="2" cb="2"/><line nr="700" mi="18" ci="0" mb="0" cb="0"/><line nr="702" mi="0" ci="2" mb="0" cb="2"/><line nr="703" mi="0" ci="3" mb="0" cb="0"/><line nr="704" mi="0" ci="2" mb="1" cb="1"/><line nr="705" mi="3" ci="0" mb="0" cb="0"/><line nr="707" mi="0" ci="7" mb="0" cb="0"/><line nr="708" mi="0" ci="7" mb="0" cb="0"/><line nr="709" mi="0" ci="7" mb="0" cb="0"/><line nr="710" mi="0" ci="5" mb="0" cb="0"/><line nr="711" mi="0" ci="3" mb="0" cb="0"/><line nr="712" mi="0" ci="2" mb="0" cb="0"/><line nr="722" mi="2" ci="0" mb="2" cb="0"/><line nr="723" mi="5" ci="0" mb="0" cb="0"/><line nr="725" mi="8" ci="0" mb="2" cb="0"/><line nr="726" mi="14" ci="0" mb="0" cb="0"/><line nr="727" mi="8" ci="0" mb="0" cb="0"/><line nr="729" mi="12" ci="0" mb="0" cb="0"/><line nr="741" mi="2" ci="0" mb="2" cb="0"/><line nr="742" mi="5" ci="0" mb="0" cb="0"/><line nr="744" mi="8" ci="0" mb="2" cb="0"/><line nr="745" mi="14" ci="0" mb="0" cb="0"/><line nr="746" mi="8" ci="0" mb="0" cb="0"/><line nr="748" mi="11" ci="0" mb="0" cb="0"/><line nr="762" mi="2" ci="0" mb="2" cb="0"/><line nr="763" mi="5" ci="0" mb="0" cb="0"/><line nr="765" mi="8" ci="0" mb="2" cb="0"/><line nr="766" mi="14" ci="0" mb="0" cb="0"/><line nr="767" mi="8" ci="0" mb="0" cb="0"/><line nr="769" mi="10" ci="0" mb="0" cb="0"/><line nr="781" mi="2" ci="0" mb="2" cb="0"/><line nr="782" mi="5" ci="0" mb="0" cb="0"/><line nr="784" mi="7" ci="0" mb="2" cb="0"/><line nr="785" mi="4" ci="0" mb="0" cb="0"/><line nr="786" mi="17" ci="0" mb="0" cb="0"/><line nr="788" mi="6" ci="0" mb="4" cb="0"/><line nr="789" mi="18" ci="0" mb="0" cb="0"/><line nr="791" mi="6" ci="0" mb="4" cb="0"/><line nr="792" mi="18" ci="0" mb="0" cb="0"/><line nr="794" mi="10" ci="0" mb="0" cb="0"/><line nr="808" mi="2" ci="0" mb="2" cb="0"/><line nr="809" mi="5" ci="0" mb="0" cb="0"/><line nr="811" mi="7" ci="0" mb="2" cb="0"/><line nr="812" mi="4" ci="0" mb="0" cb="0"/><line nr="813" mi="17" ci="0" mb="0" cb="0"/><line nr="815" mi="6" ci="0" mb="4" cb="0"/><line nr="816" mi="18" ci="0" mb="0" cb="0"/><line nr="818" mi="6" ci="0" mb="4" cb="0"/><line nr="819" mi="18" ci="0" mb="0" cb="0"/><line nr="821" mi="9" ci="0" mb="0" cb="0"/><line nr="837" mi="2" ci="0" mb="2" cb="0"/><line nr="838" mi="5" ci="0" mb="0" cb="0"/><line nr="840" mi="7" ci="0" mb="2" cb="0"/><line nr="841" mi="4" ci="0" mb="0" cb="0"/><line nr="842" mi="17" ci="0" mb="0" cb="0"/><line nr="844" mi="6" ci="0" mb="4" cb="0"/><line nr="845" mi="18" ci="0" mb="0" cb="0"/><line nr="847" mi="6" ci="0" mb="4" cb="0"/><line nr="848" mi="18" ci="0" mb="0" cb="0"/><line nr="850" mi="2" ci="0" mb="2" cb="0"/><line nr="851" mi="3" ci="0" mb="0" cb="0"/><line nr="853" mi="2" ci="0" mb="2" cb="0"/><line nr="854" mi="3" ci="0" mb="0" cb="0"/><line nr="856" mi="8" ci="0" mb="2" cb="0"/><line nr="857" mi="12" ci="0" mb="0" cb="0"/><line nr="859" mi="2" ci="0" mb="0" cb="0"/><line nr="871" mi="2" ci="0" mb="2" cb="0"/><line nr="872" mi="5" ci="0" mb="0" cb="0"/><line nr="874" mi="5" ci="0" mb="2" cb="0"/><line nr="875" mi="4" ci="0" mb="0" cb="0"/><line nr="876" mi="15" ci="0" mb="0" cb="0"/><line nr="878" mi="8" ci="0" mb="0" cb="0"/><line nr="880" mi="6" ci="0" mb="4" cb="0"/><line nr="881" mi="18" ci="0" mb="0" cb="0"/><line nr="883" mi="10" ci="0" mb="0" cb="0"/><line nr="897" mi="2" ci="0" mb="2" cb="0"/><line nr="898" mi="5" ci="0" mb="0" cb="0"/><line nr="900" mi="5" ci="0" mb="2" cb="0"/><line nr="901" mi="4" ci="0" mb="0" cb="0"/><line nr="902" mi="15" ci="0" mb="0" cb="0"/><line nr="904" mi="8" ci="0" mb="0" cb="0"/><line nr="906" mi="6" ci="0" mb="4" cb="0"/><line nr="907" mi="18" ci="0" mb="0" cb="0"/><line nr="909" mi="9" ci="0" mb="0" cb="0"/><line nr="924" mi="2" ci="0" mb="2" cb="0"/><line nr="925" mi="5" ci="0" mb="0" cb="0"/><line nr="927" mi="5" ci="0" mb="2" cb="0"/><line nr="928" mi="4" ci="0" mb="0" cb="0"/><line nr="929" mi="15" ci="0" mb="0" cb="0"/><line nr="931" mi="8" ci="0" mb="0" cb="0"/><line nr="933" mi="6" ci="0" mb="4" cb="0"/><line nr="934" mi="18" ci="0" mb="0" cb="0"/><line nr="936" mi="2" ci="0" mb="2" cb="0"/><line nr="937" mi="3" ci="0" mb="0" cb="0"/><line nr="939" mi="2" ci="0" mb="2" cb="0"/><line nr="940" mi="3" ci="0" mb="0" cb="0"/><line nr="942" mi="8" ci="0" mb="2" cb="0"/><line nr="943" mi="12" ci="0" mb="0" cb="0"/><line nr="945" mi="2" ci="0" mb="0" cb="0"/><line nr="949" mi="9" ci="0" mb="0" cb="0"/><line nr="950" mi="1" ci="0" mb="0" cb="0"/><line nr="953" mi="4" ci="0" mb="0" cb="0"/><line nr="955" mi="7" ci="0" mb="2" cb="0"/><line nr="956" mi="7" ci="0" mb="2" cb="0"/><line nr="957" mi="4" ci="0" mb="0" cb="0"/><line nr="958" mi="4" ci="0" mb="0" cb="0"/><line nr="960" mi="12" ci="0" mb="8" cb="0"/><line nr="961" mi="1" ci="0" mb="0" cb="0"/><line nr="963" mi="8" ci="0" mb="0" cb="0"/><line nr="964" mi="8" ci="0" mb="0" cb="0"/><line nr="965" mi="8" ci="0" mb="0" cb="0"/><line nr="967" mi="5" ci="0" mb="0" cb="0"/><line nr="969" mi="8" ci="0" mb="0" cb="0"/><line nr="970" mi="8" ci="0" mb="0" cb="0"/><line nr="971" mi="8" ci="0" mb="0" cb="0"/><line nr="973" mi="1" ci="0" mb="0" cb="0"/><counter type="INSTRUCTION" missed="1849" covered="529"/><counter type="BRANCH" missed="206" covered="32"/><counter type="LINE" missed="253" covered="85"/><counter type="COMPLEXITY" missed="150" covered="14"/><counter type="METHOD" missed="38" covered="7"/><counter type="CLASS" missed="0" covered="1"/></sourcefile><sourcefile name="AsciiCharacterData.java"><line nr="5" mi="3" ci="0" mb="0" cb="0"/><counter type="INSTRUCTION" missed="3" covered="0"/><counter type="LINE" missed="1" covered="0"/><counter type="COMPLEXITY" missed="1" covered="0"/><counter type="METHOD" missed="1" covered="0"/><counter type="CLASS" missed="1" covered="0"/></sourcefile><sourcefile name="AsciiFont.java"><line nr="11" mi="0" ci="7" mb="0" cb="0"/><line nr="12" mi="0" ci="7" mb="0" cb="0"/><line nr="13" mi="0" ci="7" mb="0" cb="0"/><line nr="14" mi="0" ci="7" mb="0" cb="0"/><line nr="15" mi="0" ci="7" mb="0" cb="0"/><line nr="16" mi="0" ci="7" mb="0" cb="0"/><line nr="17" mi="0" ci="7" mb="0" cb="0"/><line nr="18" mi="0" ci="7" mb="0" cb="0"/><line nr="19" mi="0" ci="7" mb="0" cb="0"/><line nr="20" mi="0" ci="8" mb="0" cb="0"/><line nr="24" mi="0" ci="3" mb="0" cb="0"/><line nr="30" mi="0" ci="3" mb="0" cb="0"/><line nr="36" mi="0" ci="3" mb="0" cb="0"/><line nr="39" mi="0" ci="2" mb="0" cb="0"/><line nr="40" mi="0" ci="3" mb="0" cb="0"/><line nr="41" mi="0" ci="3" mb="0" cb="0"/><line nr="42" mi="0" ci="3" mb="0" cb="0"/><line nr="43" mi="0" ci="1" mb="0" cb="0"/><counter type="INSTRUCTION" missed="0" covered="92"/><counter type="LINE" missed="0" covered="18"/><counter type="COMPLEXITY" missed="0" covered="5"/><counter type="METHOD" missed="0" covered="5"/><counter type="CLASS" missed="0" covered="1"/></sourcefile><counter type="INSTRUCTION" missed="1852" covered="621"/><counter type="BRANCH" missed="206" covered="32"/><counter type="LINE" missed="254" covered="103"/><counter type="COMPLEXITY" missed="151" covered="19"/><counter type="METHOD" missed="39" covered="12"/><counter type="CLASS" missed="1" covered="2"/></package><package name="com/game/com/anish/creatures"><class name="com/game/com/anish/creatures/World" sourcefilename="World.java"><method name="&lt;init&gt;" desc="()V" line="10"><counter type="INSTRUCTION" missed="0" covered="52"/><counter type="BRANCH" missed="1" covered="5"/><counter type="LINE" missed="0" covered="9"/><counter type="COMPLEXITY" missed="1" covered="3"/><counter type="METHOD" missed="0" covered="1"/></method><method name="get" desc="(II)Lcom/game/com/anish/creatures/Thing;" line="30"><counter type="INSTRUCTION" missed="0" covered="8"/><counter type="LINE" missed="0" covered="1"/><counter type="COMPLEXITY" missed="0" covered="1"/><counter type="METHOD" missed="0" covered="1"/></method><method name="put" desc="(Lcom/game/com/anish/creatures/Thing;II)V" line="34"><counter type="INSTRUCTION" missed="0" covered="9"/><counter type="LINE" missed="0" covered="2"/><counter type="COMPLEXITY" missed="0" covered="1"/><counter type="METHOD" missed="0" covered="1"/></method><counter type="INSTRUCTION" missed="0" covered="69"/><counter type="BRANCH" missed="1" covered="5"/><counter type="LINE" missed="0" covered="12"/><counter type="COMPLEXITY" missed="1" covered="5"/><counter type="METHOD" missed="0" covered="3"/><counter type="CLASS" missed="0" covered="1"/></class><class name="com/game/com/anish/creatures/Bfs" sourcefilename="Bfs.java"><method name="&lt;init&gt;" desc="([[I)V" line="10"><counter type="INSTRUCTION" missed="28" covered="0"/><counter type="LINE" missed="7" covered="0"/><counter type="COMPLEXITY" missed="1" covered="0"/><counter type="METHOD" missed="1" covered="0"/></method><method name="&lt;init&gt;" desc="([Lcom/game/com/anish/creatures/Calabash;[[I)V" line="10"><counter type="INSTRUCTION" missed="0" covered="28"/><counter type="LINE" missed="0" covered="7"/><counter type="COMPLEXITY" missed="0" covered="1"/><counter type="METHOD" missed="0" covered="1"/></method><method name="setmaze" desc="([[I)V" line="29"><counter type="INSTRUCTION" missed="0" covered="30"/><counter type="BRANCH" missed="0" covered="4"/><counter type="LINE" missed="0" covered="4"/><counter type="COMPLEXITY" missed="0" covered="3"/><counter type="METHOD" missed="0" covered="1"/></method><method name="makePlan" desc="([[III)V" line="35"><counter type="INSTRUCTION" missed="2" covered="174"/><counter type="BRANCH" missed="2" covered="19"/><counter type="LINE" missed="2" covered="36"/><counter type="COMPLEXITY" missed="2" covered="11"/><counter type="METHOD" missed="0" covered="1"/></method><method name="getrange" desc="([[IIII)Ljava/util/ArrayList;" line="94"><counter type="INSTRUCTION" missed="66" covered="0"/><counter type="BRANCH" missed="4" covered="0"/><counter type="LINE" missed="11" covered="0"/><counter type="COMPLEXITY" missed="3" covered="0"/><counter type="METHOD" missed="1" covered="0"/></method><method name="randomwalk" desc="(II)I" line="111"><counter type="INSTRUCTION" missed="2" covered="97"/><counter type="BRANCH" missed="1" covered="17"/><counter type="LINE" missed="1" covered="11"/><counter type="COMPLEXITY" missed="1" covered="9"/><counter type="METHOD" missed="0" covered="1"/></method><method name="next" desc="(Ljava/util/ArrayList;III)V" line="126"><counter type="INSTRUCTION" missed="0" covered="137"/><counter type="BRANCH" missed="0" covered="16"/><counter type="LINE" missed="0" covered="13"/><counter type="COMPLEXITY" missed="0" covered="9"/><counter type="METHOD" missed="0" covered="1"/></method><method name="explode" desc="(Ljava/util/ArrayList;III)V" line="145"><counter type="INSTRUCTION" missed="418" covered="0"/><counter type="BRANCH" missed="58" covered="0"/><counter type="LINE" missed="33" covered="0"/><counter type="COMPLEXITY" missed="30" covered="0"/><counter type="METHOD" missed="1" covered="0"/></method><method name="findway" desc="(III)Ljava/lang/String;" line="188"><counter type="INSTRUCTION" missed="9" covered="88"/><counter type="BRANCH" missed="6" covered="10"/><counter type="LINE" missed="2" covered="12"/><counter type="COMPLEXITY" missed="6" covered="3"/><counter type="METHOD" missed="0" covered="1"/></method><method name="is_close" desc="(II)I" line="209"><counter type="INSTRUCTION" missed="0" covered="35"/><counter type="BRANCH" missed="0" covered="4"/><counter type="LINE" missed="0" covered="5"/><counter type="COMPLEXITY" missed="0" covered="3"/><counter type="METHOD" missed="0" covered="1"/></method><method name="get_target" desc="(II)I" line="218"><counter type="INSTRUCTION" missed="3" covered="29"/><counter type="BRANCH" missed="1" covered="3"/><counter type="LINE" missed="1" covered="4"/><counter type="COMPLEXITY" missed="1" covered="2"/><counter type="METHOD" missed="0" covered="1"/></method><method name="clearPlan" desc="()V" line="226"><counter type="INSTRUCTION" missed="0" covered="4"/><counter type="LINE" missed="0" covered="2"/><counter type="COMPLEXITY" missed="0" covered="1"/><counter type="METHOD" missed="0" covered="1"/></method><method name="getPlan" desc="()Ljava/util/ArrayList;" line="230"><counter type="INSTRUCTION" missed="0" covered="3"/><counter type="LINE" missed="0" covered="1"/><counter type="COMPLEXITY" missed="0" covered="1"/><counter type="METHOD" missed="0" covered="1"/></method><method name="set_target" desc="(I)V" line="234"><counter type="INSTRUCTION" missed="0" covered="4"/><counter type="LINE" missed="0" covered="2"/><counter type="COMPLEXITY" missed="0" covered="1"/><counter type="METHOD" missed="0" covered="1"/></method><counter type="INSTRUCTION" missed="528" covered="629"/><counter type="BRANCH" missed="72" covered="73"/><counter type="LINE" missed="56" covered="97"/><counter type="COMPLEXITY" missed="44" covered="44"/><counter type="METHOD" missed="3" covered="11"/><counter type="CLASS" missed="0" covered="1"/></class><class name="com/game/com/anish/creatures/Bomb" sourcefilename="Bomb.java"><method name="&lt;init&gt;" desc="(Lcom/game/com/anish/creatures/Calabash;Lcom/game/com/anish/creatures/World;II)V" line="22"><counter type="INSTRUCTION" missed="0" covered="30"/><counter type="LINE" missed="0" covered="10"/><counter type="COMPLEXITY" missed="0" covered="1"/><counter type="METHOD" missed="0" covered="1"/></method><method name="&lt;init&gt;" desc="(Lcom/game/com/anish/creatures/Calabash;Lcom/game/com/anish/creatures/World;IIII)V" line="34"><counter type="INSTRUCTION" missed="2" covered="32"/><counter type="BRANCH" missed="1" covered="1"/><counter type="LINE" missed="0" covered="10"/><counter type="COMPLEXITY" missed="1" covered="1"/><counter type="METHOD" missed="0" covered="1"/></method><method name="run" desc="()V" line="46"><counter type="INSTRUCTION" missed="47" covered="12"/><counter type="BRANCH" missed="3" covered="1"/><counter type="LINE" missed="10" covered="3"/><counter type="COMPLEXITY" missed="2" covered="1"/><counter type="METHOD" missed="0" covered="1"/></method><method name="explode" desc="(Lcom/game/com/anish/creatures/Thing;Lcom/game/com/anish/creatures/Thing;IIII)V" line="65"><counter type="INSTRUCTION" missed="107" covered="0"/><counter type="BRANCH" missed="8" covered="0"/><counter type="LINE" missed="16" covered="0"/><counter type="COMPLEXITY" missed="5" covered="0"/><counter type="METHOD" missed="1" covered="0"/></method><method name="getplayernum" desc="()I" line="88"><counter type="INSTRUCTION" missed="0" covered="3"/><counter type="LINE" missed="0" covered="1"/><counter type="COMPLEXITY" missed="0" covered="1"/><counter type="METHOD" missed="0" covered="1"/></method><method name="getattack" desc="()I" line="92"><counter type="INSTRUCTION" missed="3" covered="0"/><counter type="LINE" missed="1" covered="0"/><counter type="COMPLEXITY" missed="1" covered="0"/><counter type="METHOD" missed="1" covered="0"/></method><method name="getradius" desc="()I" line="96"><counter type="INSTRUCTION" missed="0" covered="3"/><counter type="LINE" missed="0" covered="1"/><counter type="COMPLEXITY" missed="0" covered="1"/><counter type="METHOD" missed="0" covered="1"/></method><method name="getsec" desc="(J)J" line="100"><counter type="INSTRUCTION" missed="9" covered="5"/><counter type="BRANCH" missed="1" covered="1"/><counter type="LINE" missed="0" covered="1"/><counter type="COMPLEXITY" missed="1" covered="1"/><counter type="METHOD" missed="0" covered="1"/></method><method name="getmilsec" desc="(J)J" line="104"><counter type="INSTRUCTION" missed="9" covered="8"/><counter type="BRANCH" missed="1" covered="1"/><counter type="LINE" missed="0" covered="1"/><counter type="COMPLEXITY" missed="1" covered="1"/><counter type="METHOD" missed="0" covered="1"/></method><method name="setmaze" desc="()V" line="108"><counter type="INSTRUCTION" missed="0" covered="4"/><counter type="LINE" missed="0" covered="2"/><counter type="COMPLEXITY" missed="0" covered="1"/><counter type="METHOD" missed="0" covered="1"/></method><method name="setstate" desc="(I)V" line="112"><counter type="INSTRUCTION" missed="0" covered="7"/><counter type="LINE" missed="0" covered="3"/><counter type="COMPLEXITY" missed="0" covered="1"/><counter type="METHOD" missed="0" covered="1"/></method><method name="getstate" desc="()I" line="117"><counter type="INSTRUCTION" missed="0" covered="3"/><counter type="LINE" missed="0" covered="1"/><counter type="COMPLEXITY" missed="0" covered="1"/><counter type="METHOD" missed="0" covered="1"/></method><counter type="INSTRUCTION" missed="177" covered="107"/><counter type="BRANCH" missed="14" covered="4"/><counter type="LINE" missed="27" covered="33"/><counter type="COMPLEXITY" missed="11" covered="10"/><counter type="METHOD" missed="2" covered="10"/><counter type="CLASS" missed="0" covered="1"/></class><class name="com/game/com/anish/creatures/Wall" sourcefilename="Wall.java"><method name="&lt;init&gt;" desc="(Lcom/game/com/anish/creatures/World;)V" line="8"><counter type="INSTRUCTION" missed="0" covered="6"/><counter type="LINE" missed="0" covered="2"/><counter type="COMPLEXITY" missed="0" covered="1"/><counter type="METHOD" missed="0" covered="1"/></method><counter type="INSTRUCTION" missed="0" covered="6"/><counter type="LINE" missed="0" covered="2"/><counter type="COMPLEXITY" missed="0" covered="1"/><counter type="METHOD" missed="0" covered="1"/><counter type="CLASS" missed="0" covered="1"/></class><class name="com/game/com/anish/creatures/Monster" sourcefilename="Monster.java"><method name="&lt;init&gt;" desc="(Lcom/game/com/anish/creatures/World;[Lcom/game/com/anish/creatures/Calabash;[[I)V" line="18"><counter type="INSTRUCTION" missed="0" covered="30"/><counter type="LINE" missed="0" covered="8"/><counter type="COMPLEXITY" missed="0" covered="1"/><counter type="METHOD" missed="0" covered="1"/></method><method name="&lt;init&gt;" desc="(Lcom/game/com/anish/creatures/World;[Lcom/game/com/anish/creatures/Calabash;[[II)V" line="28"><counter type="INSTRUCTION" missed="0" covered="30"/><counter type="LINE" missed="0" covered="8"/><counter type="COMPLEXITY" missed="0" covered="1"/><counter type="METHOD" missed="0" covered="1"/></method><method name="run" desc="()V" line="38"><counter type="INSTRUCTION" missed="177" covered="67"/><counter type="BRANCH" missed="21" covered="5"/><counter type="LINE" missed="26" covered="15"/><counter type="COMPLEXITY" missed="13" covered="1"/><counter type="METHOD" missed="0" covered="1"/></method><method name="attack" desc="(Lcom/game/com/anish/creatures/Calabash;)V" line="94"><counter type="INSTRUCTION" missed="3" covered="16"/><counter type="BRANCH" missed="1" covered="1"/><counter type="LINE" missed="1" covered="6"/><counter type="COMPLEXITY" missed="1" covered="1"/><counter type="METHOD" missed="0" covered="1"/></method><method name="gethurt" desc="()V" line="108"><counter type="INSTRUCTION" missed="15" covered="15"/><counter type="BRANCH" missed="1" covered="1"/><counter type="LINE" missed="4" covered="3"/><counter type="COMPLEXITY" missed="1" covered="1"/><counter type="METHOD" missed="0" covered="1"/></method><method name="createitem" desc="(II)V" line="122"><counter type="INSTRUCTION" missed="67" covered="34"/><counter type="BRANCH" missed="7" covered="3"/><counter type="LINE" missed="7" covered="7"/><counter type="COMPLEXITY" missed="5" covered="1"/><counter type="METHOD" missed="0" covered="1"/></method><method name="printcnt" desc="(II)V" line="140"><counter type="INSTRUCTION" missed="17" covered="33"/><counter type="BRANCH" missed="1" covered="1"/><counter type="LINE" missed="1" covered="4"/><counter type="COMPLEXITY" missed="1" covered="1"/><counter type="METHOD" missed="0" covered="1"/></method><method name="setcnt" desc="(II)V" line="148"><counter type="INSTRUCTION" missed="0" covered="5"/><counter type="LINE" missed="0" covered="3"/><counter type="COMPLEXITY" missed="0" covered="1"/><counter type="METHOD" missed="0" covered="1"/></method><method name="hasmonster" desc="()Z" line="153"><counter type="INSTRUCTION" missed="2" covered="4"/><counter type="BRANCH" missed="1" covered="1"/><counter type="LINE" missed="0" covered="1"/><counter type="COMPLEXITY" missed="1" covered="1"/><counter type="METHOD" missed="0" covered="1"/></method><counter type="INSTRUCTION" missed="281" covered="234"/><counter type="BRANCH" missed="32" covered="12"/><counter type="LINE" missed="39" covered="55"/><counter type="COMPLEXITY" missed="22" covered="9"/><counter type="METHOD" missed="0" covered="9"/><counter type="CLASS" missed="0" covered="1"/></class><class name="com/game/com/anish/creatures/Thing" sourcefilename="Thing.java"><method name="getX" desc="()I" line="12"><counter type="INSTRUCTION" missed="0" covered="4"/><counter type="LINE" missed="0" covered="1"/><counter type="COMPLEXITY" missed="0" covered="1"/><counter type="METHOD" missed="0" covered="1"/></method><method name="getY" desc="()I" line="16"><counter type="INSTRUCTION" missed="0" covered="4"/><counter type="LINE" missed="0" covered="1"/><counter type="COMPLEXITY" missed="0" covered="1"/><counter type="METHOD" missed="0" covered="1"/></method><method name="setTile" desc="(Lcom/game/com/anish/creatures/Tile;)V" line="20"><counter type="INSTRUCTION" missed="0" covered="4"/><counter type="LINE" missed="0" covered="2"/><counter type="COMPLEXITY" missed="0" covered="1"/><counter type="METHOD" missed="0" covered="1"/></method><method name="&lt;init&gt;" desc="(Ljava/awt/Color;CLcom/game/com/anish/creatures/World;)V" line="23"><counter type="INSTRUCTION" missed="0" covered="12"/><counter type="LINE" missed="0" covered="5"/><counter type="COMPLEXITY" missed="0" covered="1"/><counter type="METHOD" missed="0" covered="1"/></method><method name="getColor" desc="()Ljava/awt/Color;" line="32"><counter type="INSTRUCTION" missed="0" covered="3"/><counter type="LINE" missed="0" covered="1"/><counter type="COMPLEXITY" missed="0" covered="1"/><counter type="METHOD" missed="0" covered="1"/></method><method name="getGlyph" desc="()C" line="38"><counter type="INSTRUCTION" missed="0" covered="3"/><counter type="LINE" missed="0" covered="1"/><counter type="COMPLEXITY" missed="0" covered="1"/><counter type="METHOD" missed="0" covered="1"/></method><counter type="INSTRUCTION" missed="0" covered="30"/><counter type="LINE" missed="0" covered="11"/><counter type="COMPLEXITY" missed="0" covered="6"/><counter type="METHOD" missed="0" covered="6"/><counter type="CLASS" missed="0" covered="1"/></class><class name="com/game/com/anish/creatures/File" sourcefilename="File.java"><method name="&lt;init&gt;" desc="()V" line="19"><counter type="INSTRUCTION" missed="0" covered="15"/><counter type="LINE" missed="0" covered="5"/><counter type="COMPLEXITY" missed="0" covered="1"/><counter type="METHOD" missed="0" covered="1"/></method><method name="getstatus" desc="([[I[Lcom/game/com/anish/creatures/Calabash;[Lcom/game/com/anish/creatures/Monster;)V" line="26"><counter type="INSTRUCTION" missed="0" covered="37"/><counter type="BRANCH" missed="0" covered="2"/><counter type="LINE" missed="0" covered="7"/><counter type="COMPLEXITY" missed="0" covered="2"/><counter type="METHOD" missed="0" covered="1"/></method><method name="encode" desc="()V" line="35"><counter type="INSTRUCTION" missed="155" covered="302"/><counter type="BRANCH" missed="4" covered="10"/><counter type="LINE" missed="15" covered="24"/><counter type="COMPLEXITY" missed="3" covered="5"/><counter type="METHOD" missed="0" covered="1"/></method><method name="writelog" desc="([[I[Lcom/game/com/anish/creatures/Calabash;[Lcom/game/com/anish/creatures/Monster;)V" line="86"><counter type="INSTRUCTION" missed="3" covered="33"/><counter type="LINE" missed="1" covered="9"/><counter type="COMPLEXITY" missed="0" covered="1"/><counter type="METHOD" missed="0" covered="1"/></method><method name="getplayernum" desc="()I" line="100"><counter type="INSTRUCTION" missed="0" covered="4"/><counter type="LINE" missed="0" covered="1"/><counter type="COMPLEXITY" missed="0" covered="1"/><counter type="METHOD" missed="0" covered="1"/></method><method name="decode" desc="()V" line="105"><counter type="INSTRUCTION" missed="53" covered="131"/><counter type="BRANCH" missed="8" covered="14"/><counter type="LINE" missed="10" covered="26"/><counter type="COMPLEXITY" missed="5" covered="7"/><counter type="METHOD" missed="0" covered="1"/></method><method name="getmaze" desc="()[[I" line="164"><counter type="INSTRUCTION" missed="0" covered="3"/><counter type="LINE" missed="0" covered="1"/><counter type="COMPLEXITY" missed="0" covered="1"/><counter type="METHOD" missed="0" covered="1"/></method><method name="getplayer" desc="()Ljava/util/ArrayList;" line="168"><counter type="INSTRUCTION" missed="0" covered="3"/><counter type="LINE" missed="0" covered="1"/><counter type="COMPLEXITY" missed="0" covered="1"/><counter type="METHOD" missed="0" covered="1"/></method><method name="getmonster" desc="()Ljava/util/ArrayList;" line="172"><counter type="INSTRUCTION" missed="0" covered="3"/><counter type="LINE" missed="0" covered="1"/><counter type="COMPLEXITY" missed="0" covered="1"/><counter type="METHOD" missed="0" covered="1"/></method><method name="getbomb" desc="()Ljava/util/ArrayList;" line="176"><counter type="INSTRUCTION" missed="0" covered="3"/><counter type="LINE" missed="0" covered="1"/><counter type="COMPLEXITY" missed="0" covered="1"/><counter type="METHOD" missed="0" covered="1"/></method><counter type="INSTRUCTION" missed="211" covered="534"/><counter type="BRANCH" missed="12" covered="26"/><counter type="LINE" missed="26" covered="76"/><counter type="COMPLEXITY" missed="8" covered="21"/><counter type="METHOD" missed="0" covered="10"/><counter type="CLASS" missed="0" covered="1"/></class><class name="com/game/com/anish/creatures/Character" sourcefilename="Character.java"><method name="&lt;init&gt;" desc="(Lcom/game/com/anish/creatures/World;C)V" line="8"><counter type="INSTRUCTION" missed="0" covered="6"/><counter type="LINE" missed="0" covered="2"/><counter type="COMPLEXITY" missed="0" covered="1"/><counter type="METHOD" missed="0" covered="1"/></method><counter type="INSTRUCTION" missed="0" covered="6"/><counter type="LINE" missed="0" covered="2"/><counter type="COMPLEXITY" missed="0" covered="1"/><counter type="METHOD" missed="0" covered="1"/><counter type="CLASS" missed="0" covered="1"/></class><class name="com/game/com/anish/creatures/Calabash" sourcefilename="Calabash.java"><method name="&lt;init&gt;" desc="(Lcom/game/com/anish/creatures/World;[[ILjava/util/ArrayList;I)V" line="23"><counter type="INSTRUCTION" missed="0" covered="39"/><counter type="LINE" missed="0" covered="12"/><counter type="COMPLEXITY" missed="0" covered="1"/><counter type="METHOD" missed="0" covered="1"/></method><method name="&lt;init&gt;" desc="(Lcom/game/com/anish/creatures/World;[[ILjava/util/ArrayList;IIIII)V" line="38"><counter type="INSTRUCTION" missed="0" covered="37"/><counter type="LINE" missed="0" covered="11"/><counter type="COMPLEXITY" missed="0" covered="1"/><counter type="METHOD" missed="0" covered="1"/></method><method name="run" desc="()V" line="51"><counter type="INSTRUCTION" missed="3" covered="30"/><counter type="BRANCH" missed="3" covered="5"/><counter type="LINE" missed="1" covered="8"/><counter type="COMPLEXITY" missed="3" covered="2"/><counter type="METHOD" missed="0" covered="1"/></method><method name="hasplayer" desc="()Z" line="66"><counter type="INSTRUCTION" missed="2" covered="4"/><counter type="BRANCH" missed="1" covered="1"/><counter type="LINE" missed="0" covered="1"/><counter type="COMPLEXITY" missed="1" covered="1"/><counter type="METHOD" missed="0" covered="1"/></method><method name="move" desc="(Lcom/game/com/anish/creatures/World;I)V" line="71"><counter type="INSTRUCTION" missed="86" covered="138"/><counter type="BRANCH" missed="17" covered="17"/><counter type="LINE" missed="9" covered="27"/><counter type="COMPLEXITY" missed="14" covered="4"/><counter type="METHOD" missed="0" covered="1"/></method><method name="gethurt" desc="()V" line="118"><counter type="INSTRUCTION" missed="23" covered="15"/><counter type="BRANCH" missed="1" covered="1"/><counter type="LINE" missed="5" covered="3"/><counter type="COMPLEXITY" missed="1" covered="1"/><counter type="METHOD" missed="0" covered="1"/></method><method name="getattack" desc="(I)V" line="133"><counter type="INSTRUCTION" missed="0" covered="18"/><counter type="LINE" missed="0" covered="3"/><counter type="COMPLEXITY" missed="0" covered="1"/><counter type="METHOD" missed="0" covered="1"/></method><method name="getmaxhp" desc="()I" line="138"><counter type="INSTRUCTION" missed="3" covered="0"/><counter type="LINE" missed="1" covered="0"/><counter type="COMPLEXITY" missed="1" covered="0"/><counter type="METHOD" missed="1" covered="0"/></method><method name="addradius" desc="()V" line="142"><counter type="INSTRUCTION" missed="7" covered="0"/><counter type="LINE" missed="2" covered="0"/><counter type="COMPLEXITY" missed="1" covered="0"/><counter type="METHOD" missed="1" covered="0"/></method><method name="is_dead" desc="()V" line="147"><counter type="INSTRUCTION" missed="0" covered="45"/><counter type="BRANCH" missed="1" covered="1"/><counter type="LINE" missed="0" covered="10"/><counter type="COMPLEXITY" missed="1" covered="1"/><counter type="METHOD" missed="0" covered="1"/></method><method name="printhp" desc="(II)V" line="160"><counter type="INSTRUCTION" missed="0" covered="33"/><counter type="BRANCH" missed="0" covered="2"/><counter type="LINE" missed="0" covered="5"/><counter type="COMPLEXITY" missed="0" covered="2"/><counter type="METHOD" missed="0" covered="1"/></method><method name="printmaxhp" desc="(II)V" line="167"><counter type="INSTRUCTION" missed="0" covered="29"/><counter type="BRANCH" missed="0" covered="2"/><counter type="LINE" missed="0" covered="4"/><counter type="COMPLEXITY" missed="0" covered="2"/><counter type="METHOD" missed="0" covered="1"/></method><method name="printdead" desc="(II)V" line="173"><counter type="INSTRUCTION" missed="0" covered="90"/><counter type="LINE" missed="0" covered="8"/><counter type="COMPLEXITY" missed="0" covered="1"/><counter type="METHOD" missed="0" covered="1"/></method><method name="printbomb" desc="(II)V" line="183"><counter type="INSTRUCTION" missed="53" covered="0"/><counter type="BRANCH" missed="2" covered="0"/><counter type="LINE" missed="6" covered="0"/><counter type="COMPLEXITY" missed="2" covered="0"/><counter type="METHOD" missed="1" covered="0"/></method><method name="printmaxbomb" desc="(II)V" line="192"><counter type="INSTRUCTION" missed="17" covered="36"/><counter type="BRANCH" missed="1" covered="1"/><counter type="LINE" missed="1" covered="5"/><counter type="COMPLEXITY" missed="1" covered="1"/><counter type="METHOD" missed="0" covered="1"/></method><method name="printr" desc="(II)V" line="201"><counter type="INSTRUCTION" missed="18" covered="35"/><counter type="BRANCH" missed="1" covered="1"/><counter type="LINE" missed="1" covered="4"/><counter type="COMPLEXITY" missed="1" covered="1"/><counter type="METHOD" missed="0" covered="1"/></method><method name="getradius" desc="()I" line="209"><counter type="INSTRUCTION" missed="0" covered="3"/><counter type="LINE" missed="0" covered="1"/><counter type="COMPLEXITY" missed="0" covered="1"/><counter type="METHOD" missed="0" covered="1"/></method><method name="nobomb" desc="()Z" line="213"><counter type="INSTRUCTION" missed="2" covered="5"/><counter type="BRANCH" missed="1" covered="1"/><counter type="LINE" missed="0" covered="1"/><counter type="COMPLEXITY" missed="1" covered="1"/><counter type="METHOD" missed="0" covered="1"/></method><method name="getbomb" desc="()I" line="217"><counter type="INSTRUCTION" missed="0" covered="3"/><counter type="LINE" missed="0" covered="1"/><counter type="COMPLEXITY" missed="0" covered="1"/><counter type="METHOD" missed="0" covered="1"/></method><method name="getbombing" desc="()I" line="221"><counter type="INSTRUCTION" missed="10" covered="12"/><counter type="BRANCH" missed="3" covered="1"/><counter type="LINE" missed="3" covered="3"/><counter type="COMPLEXITY" missed="2" covered="1"/><counter type="METHOD" missed="0" covered="1"/></method><method name="getmaxbomb" desc="()I" line="231"><counter type="INSTRUCTION" missed="0" covered="3"/><counter type="LINE" missed="0" covered="1"/><counter type="COMPLEXITY" missed="0" covered="1"/><counter type="METHOD" missed="0" covered="1"/></method><method name="setbomb" desc="(II)V" line="235"><counter type="INSTRUCTION" missed="0" covered="7"/><counter type="LINE" missed="0" covered="3"/><counter type="COMPLEXITY" missed="0" covered="1"/><counter type="METHOD" missed="0" covered="1"/></method><method name="bombitem" desc="()V" line="240"><counter type="INSTRUCTION" missed="13" covered="0"/><counter type="LINE" missed="3" covered="0"/><counter type="COMPLEXITY" missed="1" covered="0"/><counter type="METHOD" missed="1" covered="0"/></method><method name="addbomb" desc="()V" line="245"><counter type="INSTRUCTION" missed="29" covered="0"/><counter type="BRANCH" missed="4" covered="0"/><counter type="LINE" missed="6" covered="0"/><counter type="COMPLEXITY" missed="3" covered="0"/><counter type="METHOD" missed="1" covered="0"/></method><method name="usebomb" desc="()V" line="254"><counter type="INSTRUCTION" missed="0" covered="7"/><counter type="LINE" missed="0" covered="2"/><counter type="COMPLEXITY" missed="0" covered="1"/><counter type="METHOD" missed="0" covered="1"/></method><method name="toString" desc="(I)Ljava/lang/String;" line="258"><counter type="INSTRUCTION" missed="22" covered="71"/><counter type="BRANCH" missed="1" covered="5"/><counter type="LINE" missed="2" covered="14"/><counter type="COMPLEXITY" missed="1" covered="3"/><counter type="METHOD" missed="0" covered="1"/></method><method name="setbomb" desc="(Lcom/game/com/anish/creatures/World;)V" line="277"><counter type="INSTRUCTION" missed="2" covered="51"/><counter type="BRANCH" missed="2" covered="2"/><counter type="LINE" missed="2" covered="11"/><counter type="COMPLEXITY" missed="2" covered="1"/><counter type="METHOD" missed="0" covered="1"/></method><method name="setcnt" desc="(I)V" line="292"><counter type="INSTRUCTION" missed="0" covered="3"/><counter type="LINE" missed="0" covered="2"/><counter type="COMPLEXITY" missed="0" covered="1"/><counter type="METHOD" missed="0" covered="1"/></method><method name="getplayer" desc="()I" line="296"><counter type="INSTRUCTION" missed="2" covered="0"/><counter type="LINE" missed="1" covered="0"/><counter type="COMPLEXITY" missed="1" covered="0"/><counter type="METHOD" missed="1" covered="0"/></method><method name="getdeath" desc="()I" line="300"><counter type="INSTRUCTION" missed="2" covered="0"/><counter type="LINE" missed="1" covered="0"/><counter type="COMPLEXITY" missed="1" covered="0"/><counter type="METHOD" missed="1" covered="0"/></method><counter type="INSTRUCTION" missed="294" covered="714"/><counter type="BRANCH" missed="38" covered="40"/><counter type="LINE" missed="44" covered="140"/><counter type="COMPLEXITY" missed="38" covered="31"/><counter type="METHOD" missed="7" covered="23"/><counter type="CLASS" missed="0" covered="1"/></class><class name="com/game/com/anish/creatures/Floor" sourcefilename="Floor.java"><method name="&lt;init&gt;" desc="(Lcom/game/com/anish/creatures/World;)V" line="8"><counter type="INSTRUCTION" missed="0" covered="6"/><counter type="LINE" missed="0" covered="2"/><counter type="COMPLEXITY" missed="0" covered="1"/><counter type="METHOD" missed="0" covered="1"/></method><counter type="INSTRUCTION" missed="0" covered="6"/><counter type="LINE" missed="0" covered="2"/><counter type="COMPLEXITY" missed="0" covered="1"/><counter type="METHOD" missed="0" covered="1"/><counter type="CLASS" missed="0" covered="1"/></class><class name="com/game/com/anish/creatures/Tile" sourcefilename="Tile.java"><method name="getThing" desc="()Lcom/game/com/anish/creatures/Thing;" line="10"><counter type="INSTRUCTION" missed="0" covered="3"/><counter type="LINE" missed="0" covered="1"/><counter type="COMPLEXITY" missed="0" covered="1"/><counter type="METHOD" missed="0" covered="1"/></method><method name="setThing" desc="(Lcom/game/com/anish/creatures/Thing;)V" line="14"><counter type="INSTRUCTION" missed="0" covered="8"/><counter type="LINE" missed="0" covered="3"/><counter type="COMPLEXITY" missed="0" covered="1"/><counter type="METHOD" missed="0" covered="1"/></method><method name="getxPos" desc="()I" line="19"><counter type="INSTRUCTION" missed="0" covered="3"/><counter type="LINE" missed="0" covered="1"/><counter type="COMPLEXITY" missed="0" covered="1"/><counter type="METHOD" missed="0" covered="1"/></method><method name="setxPos" desc="(I)V" line="23"><counter type="INSTRUCTION" missed="4" covered="0"/><counter type="LINE" missed="2" covered="0"/><counter type="COMPLEXITY" missed="1" covered="0"/><counter type="METHOD" missed="1" covered="0"/></method><method name="getyPos" desc="()I" line="27"><counter type="INSTRUCTION" missed="0" covered="3"/><counter type="LINE" missed="0" covered="1"/><counter type="COMPLEXITY" missed="0" covered="1"/><counter type="METHOD" missed="0" covered="1"/></method><method name="setyPos" desc="(I)V" line="31"><counter type="INSTRUCTION" missed="4" covered="0"/><counter type="LINE" missed="2" covered="0"/><counter type="COMPLEXITY" missed="1" covered="0"/><counter type="METHOD" missed="1" covered="0"/></method><method name="&lt;init&gt;" desc="()V" line="34"><counter type="INSTRUCTION" missed="9" covered="0"/><counter type="LINE" missed="4" covered="0"/><counter type="COMPLEXITY" missed="1" covered="0"/><counter type="METHOD" missed="1" covered="0"/></method><method name="&lt;init&gt;" desc="(II)V" line="39"><counter type="INSTRUCTION" missed="0" covered="9"/><counter type="LINE" missed="0" covered="4"/><counter type="COMPLEXITY" missed="0" covered="1"/><counter type="METHOD" missed="0" covered="1"/></method><counter type="INSTRUCTION" missed="17" covered="26"/><counter type="LINE" missed="8" covered="10"/><counter type="COMPLEXITY" missed="3" covered="5"/><counter type="METHOD" missed="3" covered="5"/><counter type="CLASS" missed="0" covered="1"/></class><class name="com/game/com/anish/creatures/Creature" sourcefilename="Creature.java"><method name="&lt;init&gt;" desc="(Ljava/awt/Color;CLcom/game/com/anish/creatures/World;)V" line="12"><counter type="INSTRUCTION" missed="0" covered="6"/><counter type="LINE" missed="0" covered="2"/><counter type="COMPLEXITY" missed="0" covered="1"/><counter type="METHOD" missed="0" covered="1"/></method><method name="moveTo" desc="(II)V" line="16"><counter type="INSTRUCTION" missed="0" covered="7"/><counter type="LINE" missed="0" covered="2"/><counter type="COMPLEXITY" missed="0" covered="1"/><counter type="METHOD" missed="0" covered="1"/></method><method name="move" desc="(Lcom/game/com/anish/creatures/World;I)V" line="20"><counter type="INSTRUCTION" missed="1" covered="106"/><counter type="BRANCH" missed="7" covered="13"/><counter type="LINE" missed="1" covered="23"/><counter type="COMPLEXITY" missed="7" covered="4"/><counter type="METHOD" missed="0" covered="1"/></method><method name="gethurt" desc="()V" line="49"><counter type="INSTRUCTION" missed="14" covered="0"/><counter type="LINE" missed="2" covered="0"/><counter type="COMPLEXITY" missed="1" covered="0"/><counter type="METHOD" missed="1" covered="0"/></method><method name="gethp" desc="()I" line="53"><counter type="INSTRUCTION" missed="0" covered="3"/><counter type="LINE" missed="0" covered="1"/><counter type="COMPLEXITY" missed="0" covered="1"/><counter type="METHOD" missed="0" covered="1"/></method><method name="getattack" desc="()I" line="57"><counter type="INSTRUCTION" missed="3" covered="0"/><counter type="LINE" missed="1" covered="0"/><counter type="COMPLEXITY" missed="1" covered="0"/><counter type="METHOD" missed="1" covered="0"/></method><method name="is_alive" desc="()Z" line="61"><counter type="INSTRUCTION" missed="0" covered="7"/><counter type="BRANCH" missed="0" covered="2"/><counter type="LINE" missed="0" covered="1"/><counter type="COMPLEXITY" missed="0" covered="2"/><counter type="METHOD" missed="0" covered="1"/></method><method name="getattack" desc="(I)V" line="65"><counter type="INSTRUCTION" missed="0" covered="7"/><counter type="LINE" missed="0" covered="2"/><counter type="COMPLEXITY" missed="0" covered="1"/><counter type="METHOD" missed="0" covered="1"/></method><counter type="INSTRUCTION" missed="18" covered="136"/><counter type="BRANCH" missed="7" covered="15"/><counter type="LINE" missed="4" covered="31"/><counter type="COMPLEXITY" missed="9" covered="10"/><counter type="METHOD" missed="2" covered="6"/><counter type="CLASS" missed="0" covered="1"/></class><sourcefile name="Calabash.java"><line nr="23" mi="0" ci="8" mb="0" cb="0"/><line nr="24" mi="0" ci="3" mb="0" cb="0"/><line nr="25" mi="0" ci="3" mb="0" cb="0"/><line nr="26" mi="0" ci="3" mb="0" cb="0"/><line nr="27" mi="0" ci="3" mb="0" cb="0"/><line nr="28" mi="0" ci="3" mb="0" cb="0"/><line nr="29" mi="0" ci="3" mb="0" cb="0"/><line nr="30" mi="0" ci="4" mb="0" cb="0"/><line nr="31" mi="0" ci="3" mb="0" cb="0"/><line nr="32" mi="0" ci="3" mb="0" cb="0"/><line nr="33" mi="0" ci="2" mb="0" cb="0"/><line nr="34
[...]
r="464" mi="2" ci="0" mb="6" cb="0"/><line nr="466" mi="8" ci="0" mb="0" cb="0"/><line nr="467" mi="1" ci="0" mb="0" cb="0"/><line nr="469" mi="8" ci="0" mb="0" cb="0"/><line nr="470" mi="1" ci="0" mb="0" cb="0"/><line nr="472" mi="8" ci="0" mb="0" cb="0"/><line nr="473" mi="1" ci="0" mb="0" cb="0"/><line nr="475" mi="8" ci="0" mb="0" cb="0"/><line nr="476" mi="1" ci="0" mb="0" cb="0"/><line nr="478" mi="7" ci="0" mb="0" cb="0"/><line nr="481" mi="2" ci="0" mb="0" cb="0"/><line nr="486" mi="2" ci="0" mb="0" cb="0"/><line nr="490" mi="4" ci="3" mb="3" cb="1"/><line nr="491" mi="0" ci="1" mb="0" cb="0"/><line nr="492" mi="4" ci="0" mb="4" cb="0"/><line nr="493" mi="14" ci="0" mb="0" cb="0"/><line nr="494" mi="14" ci="0" mb="0" cb="0"/><line nr="495" mi="14" ci="0" mb="0" cb="0"/><line nr="496" mi="14" ci="0" mb="0" cb="0"/><line nr="497" mi="14" ci="0" mb="0" cb="0"/><line nr="498" mi="14" ci="0" mb="0" cb="0"/><line nr="499" mi="14" ci="0" mb="0" cb="0"/><line nr="500" mi="14" ci="0" mb="0" cb="0"/><line nr="501" mi="14" ci="0" mb="0" cb="0"/><line nr="502" mi="14" ci="0" mb="0" cb="0"/><line nr="503" mi="14" ci="0" mb="0" cb="0"/><line nr="504" mi="14" ci="0" mb="0" cb="0"/><line nr="505" mi="14" ci="0" mb="0" cb="0"/><line nr="506" mi="3" ci="0" mb="0" cb="0"/><line nr="507" mi="6" ci="0" mb="4" cb="0"/><line nr="508" mi="2" ci="0" mb="0" cb="0"/><line nr="509" mi="9" ci="0" mb="2" cb="0"/><line nr="510" mi="6" ci="0" mb="2" cb="0"/><line nr="511" mi="2" ci="0" mb="0" cb="0"/><line nr="512" mi="1" ci="0" mb="0" cb="0"/><line nr="515" mi="3" ci="0" mb="2" cb="0"/><line nr="516" mi="1" ci="0" mb="0" cb="0"/><line nr="517" mi="14" ci="0" mb="0" cb="0"/><line nr="518" mi="14" ci="0" mb="0" cb="0"/><line nr="519" mi="14" ci="0" mb="0" cb="0"/><line nr="520" mi="14" ci="0" mb="0" cb="0"/><line nr="521" mi="14" ci="0" mb="0" cb="0"/><line nr="522" mi="14" ci="0" mb="0" cb="0"/><line nr="523" mi="19" ci="0" mb="0" cb="0"/><line nr="524" mi="17" ci="0" mb="0" cb="0"/><line nr="525" mi="14" ci="0" mb="0" cb="0"/><line nr="526" mi="14" ci="0" mb="0" cb="0"/><line nr="527" mi="14" ci="0" mb="0" cb="0"/><line nr="528" mi="14" ci="0" mb="0" cb="0"/><line nr="529" mi="3" ci="0" mb="0" cb="0"/><line nr="530" mi="5" ci="0" mb="4" cb="0"/><line nr="531" mi="2" ci="0" mb="0" cb="0"/><line nr="532" mi="14" ci="0" mb="0" cb="0"/><line nr="533" mi="14" ci="0" mb="0" cb="0"/><line nr="534" mi="14" ci="0" mb="0" cb="0"/><line nr="535" mi="14" ci="0" mb="0" cb="0"/><line nr="536" mi="14" ci="0" mb="0" cb="0"/><line nr="537" mi="14" ci="0" mb="0" cb="0"/><line nr="538" mi="19" ci="0" mb="0" cb="0"/><line nr="539" mi="17" ci="0" mb="0" cb="0"/><line nr="540" mi="14" ci="0" mb="0" cb="0"/><line nr="541" mi="14" ci="0" mb="0" cb="0"/><line nr="542" mi="14" ci="0" mb="0" cb="0"/><line nr="543" mi="14" ci="0" mb="0" cb="0"/><line nr="544" mi="3" ci="0" mb="0" cb="0"/><line nr="546" mi="1" ci="0" mb="0" cb="0"/><line nr="549" mi="8" ci="0" mb="0" cb="0"/><line nr="550" mi="1" ci="0" mb="0" cb="0"/><line nr="553" mi="0" ci="3" mb="0" cb="0"/><line nr="557" mi="0" ci="3" mb="0" cb="0"/><line nr="561" mi="0" ci="3" mb="0" cb="0"/><line nr="565" mi="0" ci="6" mb="0" cb="0"/><line nr="566" mi="0" ci="6" mb="0" cb="0"/><line nr="567" mi="0" ci="6" mb="0" cb="0"/><line nr="568" mi="0" ci="15" mb="0" cb="0"/><line nr="569" mi="0" ci="1" mb="0" cb="0"/><line nr="572" mi="0" ci="2" mb="0" cb="0"/><line nr="573" mi="0" ci="3" mb="1" cb="1"/><line nr="574" mi="0" ci="3" mb="0" cb="0"/><line nr="575" mi="0" ci="6" mb="0" cb="0"/><line nr="576" mi="0" ci="2" mb="0" cb="0"/><line nr="578" mi="0" ci="2" mb="0" cb="0"/><counter type="INSTRUCTION" missed="970" covered="2990"/><counter type="BRANCH" missed="94" covered="73"/><counter type="LINE" missed="107" covered="326"/><counter type="COMPLEXITY" missed="57" covered="53"/><counter type="METHOD" missed="3" covered="21"/><counter type="CLASS" missed="0" covered="1"/></sourcefile><counter type="INSTRUCTION" missed="972" covered="3051"/><counter type="BRANCH" missed="94" covered="77"/><counter type="LINE" missed="108" covered="338"/><counter type="COMPLEXITY" missed="58" covered="59"/><counter type="METHOD" missed="4" covered="25"/><counter type="CLASS" missed="0" covered="2"/></package><package name="com/game/com/anish/maze"><class name="com/game/com/anish/maze/Node" sourcefilename="Node.java"><method name="&lt;init&gt;" desc="(II)V" line="7"><counter type="INSTRUCTION" missed="0" covered="9"/><counter type="LINE" missed="0" covered="4"/><counter type="COMPLEXITY" missed="0" covered="1"/><counter type="METHOD" missed="0" covered="1"/></method><counter type="INSTRUCTION" missed="0" covered="9"/><counter type="LINE" missed="0" covered="4"/><counter type="COMPLEXITY" missed="0" covered="1"/><counter type="METHOD" missed="0" covered="1"/><counter type="CLASS" missed="0" covered="1"/></class><class name="com/game/com/anish/maze/MazeGenerator" sourcefilename="MazeGenerator.java"><method name="&lt;init&gt;" desc="(I)V" line="8"><counter type="INSTRUCTION" missed="0" covered="21"/><counter type="LINE" missed="0" covered="6"/><counter type="COMPLEXITY" missed="0" covered="1"/><counter type="METHOD" missed="0" covered="1"/></method><method name="addplayer" desc="(Ljava/util/ArrayList;)V" line="19"><counter type="INSTRUCTION" missed="0" covered="71"/><counter type="BRANCH" missed="0" covered="14"/><counter type="LINE" missed="0" covered="8"/><counter type="COMPLEXITY" missed="0" covered="8"/><counter type="METHOD" missed="0" covered="1"/></method><method name="generateMaze" desc="()V" line="35"><counter type="INSTRUCTION" missed="0" covered="38"/><counter type="BRANCH" missed="0" covered="4"/><counter type="LINE" missed="0" covered="8"/><counter type="COMPLEXITY" missed="0" covered="3"/><counter type="METHOD" missed="0" covered="1"/></method><method name="getMaze" desc="()[[I" line="47"><counter type="INSTRUCTION" missed="0" covered="3"/><counter type="LINE" missed="0" covered="1"/><counter type="COMPLEXITY" missed="0" covered="1"/><counter type="METHOD" missed="0" covered="1"/></method><method name="randomlyAddNodesToStack" desc="(Ljava/util/ArrayList;Ljava/util/ArrayList;)V" line="52"><counter type="INSTRUCTION" missed="0" covered="35"/><counter type="BRANCH" missed="0" covered="4"/><counter type="LINE" missed="0" covered="7"/><counter type="COMPLEXITY" missed="0" covered="3"/><counter type="METHOD" missed="0" covered="1"/></method><method name="findNeighbors" desc="(Lcom/game/com/anish/maze/Node;)Ljava/util/ArrayList;" line="63"><counter type="INSTRUCTION" missed="0" covered="67"/><counter type="BRANCH" missed="0" covered="12"/><counter type="LINE" missed="0" covered="6"/><counter type="COMPLEXITY" missed="0" covered="7"/><counter type="METHOD" missed="0" covered="1"/></method><method name="pointOnGrid" desc="(II)Ljava/lang/Boolean;" line="75"><counter type="INSTRUCTION" missed="0" covered="18"/><counter type="BRANCH" missed="0" covered="8"/><counter type="LINE" missed="0" covered="1"/><counter type="COMPLEXITY" missed="0" covered="5"/><counter type="METHOD" missed="0" covered="1"/></method><method name="pointNotCorner" desc="(Lcom/game/com/anish/maze/Node;II)Ljava/lang/Boolean;" line="79"><counter type="INSTRUCTION" missed="0" covered="14"/><counter type="BRANCH" missed="0" covered="4"/><counter type="LINE" missed="0" covered="1"/><counter type="COMPLEXITY" missed="0" covered="3"/><counter type="METHOD" missed="0" covered="1"/></method><method name="pointNotNode" desc="(Lcom/game/com/anish/maze/Node;II)Ljava/lang/Boolean;" line="83"><counter type="INSTRUCTION" missed="0" covered="13"/><counter type="BRANCH" missed="0" covered="4"/><counter type="LINE" missed="0" covered="1"/><counter type="COMPLEXITY" missed="0" covered="3"/><counter type="METHOD" missed="0" covered="1"/></method><counter type="INSTRUCTION" missed="0" covered="280"/><counter type="BRANCH" missed="0" covered="50"/><counter type="LINE" missed="0" covered="39"/><counter type="COMPLEXITY" missed="0" covered="34"/><counter type="METHOD" missed="0" covered="9"/><counter type="CLASS" missed="0" covered="1"/></class><sourcefile name="Node.java"><line nr="7" mi="0" ci="2" mb="0" cb="0"/><line nr="8" mi="0" ci="3" mb="0" cb="0"/><line nr="9" mi="0" ci="3" mb="0" cb="0"/><line nr="10" mi="0" ci="1" mb="0" cb="0"/><counter type="INSTRUCTION" missed="0" covered="9"/><counter type="LINE" missed="0" covered="4"/><counter type="COMPLEXITY" missed="0" covered="1"/><counter type="METHOD" missed="0" covered="1"/><counter type="CLASS" missed="0" covered="1"/></sourcefile><sourcefile name="MazeGenerator.java"><line nr="8" mi="0" ci="5" mb="0" cb="0"/><line nr="9" mi="0" ci="5" mb="0" cb="0"/><line nr="13" mi="0" ci="2" mb="0" cb="0"/><line nr="14" mi="0" ci="5" mb="0" cb="0"/><line nr="15" mi="0" ci="3" mb="0" cb="0"/><line nr="16" mi="0" ci="1" mb="0" cb="0"/><line nr="19" mi="0" ci="8" mb="0" cb="2"/><line nr="20" mi="0" ci="12" mb="0" cb="0"/><line nr="21" mi="0" ci="11" mb="0" cb="2"/><line nr="22" mi="0" ci="11" mb="0" cb="2"/><line nr="23" mi="0" ci="12" mb="0" cb="8"/><line nr="24" mi="0" ci="7" mb="0" cb="0"/><line nr="25" mi="0" ci="9" mb="0" cb="0"/><line nr="28" mi="0" ci="1" mb="0" cb="0"/><line nr="35" mi="0" ci="7" mb="0" cb="2"/><line nr="36" mi="0" ci="4" mb="0" cb="0"/><line nr="37" mi="0" ci="9" mb="0" cb="2"/><line nr="38" mi="0" ci="6" mb="0" cb="0"/><line nr="39" mi="0" ci="4" mb="0" cb="0"/><line nr="40" mi="0" ci="4" mb="0" cb="0"/><line nr="42" mi="0" ci="3" mb="0" cb="0"/><line nr="44" mi="0" ci="1" mb="0" cb="0"/><line nr="47" mi="0" ci="3" mb="0" cb="0"/><line nr="52" mi="0" ci="8" mb="0" cb="2"/><line nr="53" mi="0" ci="5" mb="0" cb="0"/><line nr="54" mi="0" ci="3" mb="0" cb="2"/><line nr="55" mi="0" ci="5" mb="0" cb="0"/><line nr="56" mi="0" ci="4" mb="0" cb="0"/><line nr="57" mi="0" ci="9" mb="0" cb="0"/><line nr="60" mi="0" ci="1" mb="0" cb="0"/><line nr="63" mi="0" ci="4" mb="0" cb="0"/><line nr="64" mi="0" ci="13" mb="0" cb="2"/><line nr="65" mi="0" ci="13" mb="0" cb="2"/><line nr="66" mi="0" ci="27" mb="0" cb="8"/><line nr="67" mi="0" ci="8" mb="0" cb="0"/><line nr="71" mi="0" ci="2" mb="0" cb="0"/><line nr="75" mi="0" ci="18" mb="0" cb="8"/><line nr="79" mi="0" ci="14" mb="0" cb="4"/><line nr="83" mi="0" ci="13" mb="0" cb="4"/><counter type="INSTRUCTION" missed="0" covered="280"/><counter type="BRANCH" missed="0" covered="50"/><counter type="LINE" missed="0" covered="39"/><counter type="COMPLEXITY" missed="0" covered="34"/><counter type="METHOD" missed="0" covered="9"/><counter type="CLASS" missed="0" covered="1"/></sourcefile><counter type="INSTRUCTION" missed="0" covered="289"/><counter type="BRANCH" missed="0" covered="50"/><counter type="LINE" missed="0" covered="43"/><counter type="COMPLEXITY" missed="0" covered="35"/><counter type="METHOD" missed="0" covered="10"/><counter type="CLASS" missed="0" covered="2"/></package><package name="com/game"><class name="com/game/Main" sourcefilename="Main.java"><method name="&lt;init&gt;" desc="()V" line="145"><counter type="INSTRUCTION" missed="0" covered="45"/><counter type="LINE" missed="0" covered="12"/><counter type="COMPLEXITY" missed="0" covered="1"/><counter type="METHOD" missed="0" covered="1"/></method><method name="repaint" desc="()V" line="161"><counter type="INSTRUCTION" missed="0" covered="8"/><counter type="LINE" missed="0" covered="3"/><counter type="COMPLEXITY" missed="0" covered="1"/><counter type="METHOD" missed="0" covered="1"/></method><method name="keyTyped" desc="(Ljava/awt/event/KeyEvent;)V" line="168"><counter type="INSTRUCTION" missed="1" covered="0"/><counter type="LINE" missed="1" covered="0"/><counter type="COMPLEXITY" missed="1" covered="0"/><counter type="METHOD" missed="1" covered="0"/></method><method name="keyPressed" desc="(Ljava/awt/event/KeyEvent;)V" line="172"><counter type="INSTRUCTION" missed="9" covered="0"/><counter type="LINE" missed="3" covered="0"/><counter type="COMPLEXITY" missed="1" covered="0"/><counter type="METHOD" missed="1" covered="0"/></method><method name="keyReleased" desc="(Ljava/awt/event/KeyEvent;)V" line="179"><counter type="INSTRUCTION" missed="1" covered="0"/><counter type="LINE" missed="1" covered="0"/><counter type="COMPLEXITY" missed="1" covered="0"/><counter type="METHOD" missed="1" covered="0"/></method><method name="main" desc="([Ljava/lang/String;)V" line="182"><counter type="INSTRUCTION" missed="8" covered="0"/><counter type="LINE" missed="3" covered="0"/><counter type="COMPLEXITY" missed="1" covered="0"/><counter type="METHOD" missed="1" covered="0"/></method><counter type="INSTRUCTION" missed="19" covered="53"/><counter type="LINE" missed="8" covered="15"/><counter type="COMPLEXITY" missed="4" covered="2"/><counter type="METHOD" missed="4" covered="2"/><counter type="CLASS" missed="0" covered="1"/></class><class name="com/game/Main$Server" sourcefilename="Main.java"><method name="&lt;clinit&gt;" desc="()V" line="45"><counter type="INSTRUCTION" missed="2" covered="6"/><counter type="BRANCH" missed="1" covered="1"/><counter type="LINE" missed="0" covered="1"/><counter type="COMPLEXITY" missed="1" covered="1"/><counter type="METHOD" missed="0" covered="1"/></method><method name="&lt;init&gt;" desc="(Lcom/game/Main;)V" line="52"><counter type="INSTRUCTION" missed="0" covered="52"/><counter type="LINE" missed="0" covered="13"/><counter type="COMPLEXITY" missed="0" covered="1"/><counter type="METHOD" missed="0" covered="1"/></method><method name="run" desc="()V" line="71"><counter type="INSTRUCTION" missed="28" covered="161"/><counter type="BRANCH" missed="7" covered="13"/><counter type="LINE" missed="10" covered="42"/><counter type="COMPLEXITY" missed="6" covered="6"/><counter type="METHOD" missed="0" covered="1"/></method><counter type="INSTRUCTION" missed="30" covered="219"/><counter type="BRANCH" missed="8" covered="14"/><counter type="LINE" missed="10" covered="56"/><counter type="COMPLEXITY" missed="7" covered="8"/><counter type="METHOD" missed="0" covered="3"/><counter type="CLASS" missed="0" covered="1"/></class><class name="com/game/Main$Game" sourcefilename="Main.java"><method name="&lt;init&gt;" desc="(Lcom/game/Main;)V" line="31"><counter type="INSTRUCTION" missed="0" covered="6"/><counter type="LINE" missed="0" covered="1"/><counter type="COMPLEXITY" missed="0" covered="1"/><counter type="METHOD" missed="0" covered="1"/></method><method name="run" desc="()V" line="33"><counter type="INSTRUCTION" missed="4" covered="7"/><counter type="LINE" missed="2" covered="3"/><counter type="COMPLEXITY" missed="0" covered="1"/><counter type="METHOD" missed="0" covered="1"/></method><counter type="INSTRUCTION" missed="4" covered="13"/><counter type="LINE" missed="2" covered="4"/><counter type="COMPLEXITY" missed="0" covered="2"/><counter type="METHOD" missed="0" covered="2"/><counter type="CLASS" missed="0" covered="1"/></class><sourcefile name="Main.java"><line nr="31" mi="0" ci="6" mb="0" cb="0"/><line nr="33" mi="1" ci="0" mb="0" cb="0"/><line nr="35" mi="0" ci="3" mb="0" cb="0"/><line nr="36" mi="0" ci="3" mb="0" cb="0"/><line nr="37" mi="1" ci="1" mb="0" cb="0"/><line nr="39" mi="2" ci="0" mb="0" cb="0"/><line nr="45" mi="2" ci="6" mb="1" cb="1"/><line nr="52" mi="0" ci="5" mb="0" cb="0"/><line nr="53" mi="0" ci="5" mb="0" cb="0"/><line nr="54" mi="0" ci="3" mb="0" cb="0"/><line nr="55" mi="0" ci="3" mb="0" cb="0"/><line nr="57" mi="0" ci="3" mb="0" cb="0"/><line nr="58" mi="0" ci="3" mb="0" cb="0"/><line nr="59" mi="0" ci="5" mb="0" cb="0"/><line nr="60" mi="0" ci="8" mb="0" cb="0"/><line nr="61" mi="0" ci="5" mb="0" cb="0"/><line nr="62" mi="0" ci="7" mb="0" cb="0"/><line nr="63" mi="0" ci="2" mb="0" cb="0"/><line nr="65" mi="0" ci="2" mb="0" cb="0"/><line nr="67" mi="0" ci="1" mb="0" cb="0"/><line nr="71" mi="0" ci="1" mb="0" cb="0"/><line nr="72" mi="0" ci="4" mb="0" cb="0"/><line nr="73" mi="0" ci="2" mb="1" cb="1"/><line nr="74" mi="1" ci="0" mb="0" cb="0"/><line nr="76" mi="0" ci="4" mb="0" cb="0"/><line nr="77" mi="0" ci="3" mb="0" cb="0"/><line nr="78" mi="0" ci="4" mb="0" cb="2"/><line nr="79" mi="0" ci="4" mb="0" cb="0"/><line nr="80" mi="0" ci="2" mb="0" cb="0"/><line nr="81" mi="0" ci="3" mb="0" cb="2"/><line nr="82" mi="0" ci="4" mb="0" cb="0"/><line nr="83" mi="0" ci="3" mb="0" cb="0"/><line nr="84" mi="0" ci="4" mb="0" cb="0"/><line nr="85" mi="0" ci="6" mb="0" cb="0"/><line nr="86" mi="0" ci="1" mb="0" cb="0"/><line nr="88" mi="0" ci="3" mb="1" cb="1"/><line nr="90" mi="0" ci="4" mb="0" cb="0"/><line nr="91" mi="0" ci="3" mb="0" cb="0"/><line nr="92" mi="0" ci="4" mb="0" cb="0"/><line nr="93" mi="0" ci="3" mb="0" cb="0"/><line nr="95" mi="0" ci="3" mb="2" cb="2"/><line nr="97" mi="0" ci="3" mb="0" cb="0"/><line nr="98" mi="0" ci="6" mb="0" cb="0"/><line nr="99" mi="0" ci="3" mb="0" cb="0"/><line nr="100" mi="0" ci="4" mb="0" cb="0"/><line nr="101" mi="0" ci="1" mb="0" cb="0"/><line nr="103" mi="0" ci="3" mb="0" cb="0"/><line nr="104" mi="0" ci="4" mb="0" cb="0"/><line nr="105" mi="0" ci="7" mb="0" cb="2"/><line nr="106" mi="0" ci="7" mb="0" cb="2"/><line nr="107" mi="0" ci="10" mb="0" cb="0"/><line nr="108" mi="0" ci="1" mb="0" cb="0"/><line nr="109" mi="0" ci="10" mb="0" cb="0"/><line nr="110" mi="0" ci="1" mb="0" cb="0"/><line nr="111" mi="0" ci="10" mb="0" cb="0"/><line nr="112" mi="0" ci="1" mb="0" cb="0"/><line nr="113" mi="0" ci="10" mb="0" cb="0"/><line nr="116" mi="0" ci="3" mb="0" cb="0"/><line nr="117" mi="0" ci="4" mb="0" cb="0"/><line nr="118" mi="0" ci="3" mb="0" cb="0"/><line nr="119" mi="3" ci="0" mb="0" cb="0"/><line nr="120" mi="1" ci="0" mb="0" cb="0"/><line nr="122" mi="8" ci="0" mb="0" cb="0"/><line nr="123" mi="1" ci="0" mb="0" cb="0"/><line nr="125" mi="6" ci="0" mb="2" cb="0"/><line nr="127" mi="0" ci="1" mb="0" cb="0"/><line nr="129" mi="0" ci="1" mb="0" cb="0"/><line nr="132" mi="0" ci="3" mb="1" cb="1"/><line nr="133" mi="4" ci="0" mb="0" cb="0"/><line nr="137" mi="1" ci="0" mb="0" cb="0"/><line nr="139" mi="2" ci="0" mb="0" cb="0"/><line nr="141" mi="1" ci="0" mb="0" cb="0"/><line nr="145" mi="0" ci="2" mb="0" cb="0"/><line nr="146" mi="0" ci="8" mb="0" cb="0"/><line nr="147" mi="0" ci="5" mb="0" cb="0"/><line nr="148" mi="0" ci="2" mb="0" cb="0"/><line nr="149" mi="0" ci="3" mb="0" cb="0"/><line nr="150" mi="0" ci="5" mb="0" cb="0"/><line nr="151" mi="0" ci="3" mb="0" cb="0"/><line nr="152" mi="0" ci="2" mb="0" cb="0"/><line nr="153" mi="0" ci="2" mb="0" cb="0"/><line nr="154" mi="0" ci="6" mb="0" cb="0"/><line nr="155" mi="0" ci="6" mb="0" cb="0"/><line nr="156" mi="0" ci="1" mb="0" cb="0"/><line nr="161" mi="0" ci="5" mb="0" cb="0"/><line nr="162" mi="0" ci="2" mb="0" cb="0"/><line nr="163" mi="0" ci="1" mb="0" cb="0"/><line nr="168" mi="1" ci="0" mb="0" cb="0"/><line nr="172" mi="6" ci="0" mb="0" cb="0"/><line nr="173" mi="2" ci="0" mb="0" cb="0"/><line nr="174" mi="1" ci="0" mb="0" cb="0"/><line nr="179" mi="1" ci="0" mb="0" cb="0"/><line nr="182" mi="4" ci="0" mb="0" cb="0"/><line nr="183" mi="3" ci="0" mb="0" cb="0"/><line nr="185" mi="1" ci="0" mb="0" cb="0"/><counter type="INSTRUCTION" missed="53" covered="285"/><counter type="BRANCH" missed="8" covered="14"/><counter type="LINE" missed="20" covered="75"/><counter type="COMPLEXITY" missed="11" covered="12"/><counter type="METHOD" missed="4" covered="7"/><counter type="CLASS" missed="0" covered="3"/></sourcefile><counter type="INSTRUCTION" missed="53" covered="285"/><counter type="BRANCH" missed="8" covered="14"/><counter type="LINE" missed="20" covered="75"/><counter type="COMPLEXITY" missed="11" covered="12"/><counter type="METHOD" missed="4" covered="7"/><counter type="CLASS" missed="0" covered="3"/></package><counter type="INSTRUCTION" missed="4466" covered="6947"/><counter type="BRANCH" missed="488" covered="354"/><counter type="LINE" missed="610" covered="1084"/><counter type="COMPLEXITY" missed="363" covered="275"/><counter type="METHOD" missed="68" covered="144"/><counter type="CLASS" missed="1" covered="23"/></report>