<?xml version="1.0" encoding="UTF-8"?>
<testsuite xmlns:xsi="http://www.w3.org/2001/XMLSchema-instance" xsi:noNamespaceSchemaLocation="https://maven.apache.org/surefire/maven-surefire-plugin/xsd/surefire-test-report-3.0.xsd" version="3.0" name="com.game.AppTest" time="1.888" tests="5" errors="0" skipped="0" failures="0">
  <properties>
[...]
</properties>
  <testcase name="testplayer" classname="com.game.AppTest" time="0.161"/>
  <testcase name="testscreen" classname="com.game.AppTest" time="0.008"/>
  <testcase name="testwin" classname="com.game.AppTest" time="0.862"/>
  <testcase name="testbomb" classname="com.game.AppTest" time="0.008"/>
  <testcase name="testmonster" classname="com.game.AppTest" time="0.819"/>
</testsuite>